[2023-10-10 17:44:44] production.ERROR: Call to undefined function App\Providers\setting_item() {"exception":"[object] (Error(code: 0): Call to undefined function App\\Providers\\setting_item() at /home/u1568686/public_html/app/Providers/AppServiceProvider.php:203)
[stacktrace]
#0 /home/u1568686/public_html/app/Providers/AppServiceProvider.php(42): App\\Providers\\AppServiceProvider->setLang()
#1 /home/u1568686/public_html/vendor/laravel/framework/src/Illuminate/Container/BoundMethod.php(36): App\\Providers\\AppServiceProvider->boot()
#2 /home/u1568686/public_html/vendor/laravel/framework/src/Illuminate/Container/Util.php(41): Illuminate\\Container\\BoundMethod::Illuminate\\Container\\{closure}()
#3 /home/u1568686/public_html/vendor/laravel/framework/src/Illuminate/Container/BoundMethod.php(93): Illuminate\\Container\\Util::unwrapIfClosure()
#4 /home/u1568686/public_html/vendor/laravel/framework/src/Illuminate/Container/BoundMethod.php(37): Illuminate\\Container\\BoundMethod::callBoundMethod()
#5 /home/u1568686/public_html/vendor/laravel/framework/src/Illuminate/Container/Container.php(661): Illuminate\\Container\\BoundMethod::call()
#6 /home/u1568686/public_html/vendor/laravel/framework/src/Illuminate/Foundation/Application.php(929): Illuminate\\Container\\Container->call()
#7 /home/u1568686/public_html/vendor/laravel/framework/src/Illuminate/Foundation/Application.php(910): Illuminate\\Foundation\\Application->bootProvider()
#8 [internal function]: Illuminate\\Foundation\\Application->Illuminate\\Foundation\\{closure}()
#9 /home/u1568686/public_html/vendor/laravel/framework/src/Illuminate/Foundation/Application.php(911): array_walk()
#10 /home/u1568686/public_html/vendor/laravel/framework/src/Illuminate/Foundation/Bootstrap/BootProviders.php(17): Illuminate\\Foundation\\Application->boot()
#11 /home/u1568686/public_html/vendor/laravel/framework/src/Illuminate/Foundation/Application.php(242): Illuminate\\Foundation\\Bootstrap\\BootProviders->bootstrap()
#12 /home/u1568686/public_html/vendor/laravel/framework/src/Illuminate/Foundation/Http/Kernel.php(176): Illuminate\\Foundation\\Application->bootstrapWith()
#13 /home/u1568686/public_html/vendor/laravel/framework/src/Illuminate/Foundation/Http/Kernel.php(160): Illuminate\\Foundation\\Http\\Kernel->bootstrap()
#14 /home/u1568686/public_html/vendor/laravel/framework/src/Illuminate/Foundation/Http/Kernel.php(134): Illuminate\\Foundation\\Http\\Kernel->sendRequestThroughRouter()
#15 /home/u1568686/public_html/public/index.php(72): Illuminate\\Foundation\\Http\\Kernel->handle()
#16 {main}
"} 
[2023-10-10 17:45:49] production.ERROR: Call to undefined function App\Providers\setting_item() {"exception":"[object] (Error(code: 0): Call to undefined function App\\Providers\\setting_item() at /home/u1568686/public_html/app/Providers/AppServiceProvider.php:203)
[stacktrace]
#0 /home/u1568686/public_html/app/Providers/AppServiceProvider.php(42): App\\Providers\\AppServiceProvider->setLang()
#1 /home/u1568686/public_html/vendor/laravel/framework/src/Illuminate/Container/BoundMethod.php(36): App\\Providers\\AppServiceProvider->boot()
#2 /home/u1568686/public_html/vendor/laravel/framework/src/Illuminate/Container/Util.php(41): Illuminate\\Container\\BoundMethod::Illuminate\\Container\\{closure}()
#3 /home/u1568686/public_html/vendor/laravel/framework/src/Illuminate/Container/BoundMethod.php(93): Illuminate\\Container\\Util::unwrapIfClosure()
#4 /home/u1568686/public_html/vendor/laravel/framework/src/Illuminate/Container/BoundMethod.php(37): Illuminate\\Container\\BoundMethod::callBoundMethod()
#5 /home/u1568686/public_html/vendor/laravel/framework/src/Illuminate/Container/Container.php(661): Illuminate\\Container\\BoundMethod::call()
#6 /home/u1568686/public_html/vendor/laravel/framework/src/Illuminate/Foundation/Application.php(929): Illuminate\\Container\\Container->call()
#7 /home/u1568686/public_html/vendor/laravel/framework/src/Illuminate/Foundation/Application.php(910): Illuminate\\Foundation\\Application->bootProvider()
#8 [internal function]: Illuminate\\Foundation\\Application->Illuminate\\Foundation\\{closure}()
#9 /home/u1568686/public_html/vendor/laravel/framework/src/Illuminate/Foundation/Application.php(911): array_walk()
#10 /home/u1568686/public_html/vendor/laravel/framework/src/Illuminate/Foundation/Bootstrap/BootProviders.php(17): Illuminate\\Foundation\\Application->boot()
#11 /home/u1568686/public_html/vendor/laravel/framework/src/Illuminate/Foundation/Application.php(242): Illuminate\\Foundation\\Bootstrap\\BootProviders->bootstrap()
#12 /home/u1568686/public_html/vendor/laravel/framework/src/Illuminate/Foundation/Http/Kernel.php(176): Illuminate\\Foundation\\Application->bootstrapWith()
#13 /home/u1568686/public_html/vendor/laravel/framework/src/Illuminate/Foundation/Http/Kernel.php(160): Illuminate\\Foundation\\Http\\Kernel->bootstrap()
#14 /home/u1568686/public_html/vendor/laravel/framework/src/Illuminate/Foundation/Http/Kernel.php(134): Illuminate\\Foundation\\Http\\Kernel->sendRequestThroughRouter()
#15 /home/u1568686/public_html/public/index.php(72): Illuminate\\Foundation\\Http\\Kernel->handle()
#16 {main}
"} 
[2023-10-10 17:45:50] production.ERROR: Call to undefined function App\Providers\setting_item() {"exception":"[object] (Error(code: 0): Call to undefined function App\\Providers\\setting_item() at /home/u1568686/public_html/app/Providers/AppServiceProvider.php:203)
[stacktrace]
#0 /home/u1568686/public_html/app/Providers/AppServiceProvider.php(42): App\\Providers\\AppServiceProvider->setLang()
#1 /home/u1568686/public_html/vendor/laravel/framework/src/Illuminate/Container/BoundMethod.php(36): App\\Providers\\AppServiceProvider->boot()
#2 /home/u1568686/public_html/vendor/laravel/framework/src/Illuminate/Container/Util.php(41): Illuminate\\Container\\BoundMethod::Illuminate\\Container\\{closure}()
#3 /home/u1568686/public_html/vendor/laravel/framework/src/Illuminate/Container/BoundMethod.php(93): Illuminate\\Container\\Util::unwrapIfClosure()
#4 /home/u1568686/public_html/vendor/laravel/framework/src/Illuminate/Container/BoundMethod.php(37): Illuminate\\Container\\BoundMethod::callBoundMethod()
#5 /home/u1568686/public_html/vendor/laravel/framework/src/Illuminate/Container/Container.php(661): Illuminate\\Container\\BoundMethod::call()
#6 /home/u1568686/public_html/vendor/laravel/framework/src/Illuminate/Foundation/Application.php(929): Illuminate\\Container\\Container->call()
#7 /home/u1568686/public_html/vendor/laravel/framework/src/Illuminate/Foundation/Application.php(910): Illuminate\\Foundation\\Application->bootProvider()
#8 [internal function]: Illuminate\\Foundation\\Application->Illuminate\\Foundation\\{closure}()
#9 /home/u1568686/public_html/vendor/laravel/framework/src/Illuminate/Foundation/Application.php(911): array_walk()
#10 /home/u1568686/public_html/vendor/laravel/framework/src/Illuminate/Foundation/Bootstrap/BootProviders.php(17): Illuminate\\Foundation\\Application->boot()
#11 /home/u1568686/public_html/vendor/laravel/framework/src/Illuminate/Foundation/Application.php(242): Illuminate\\Foundation\\Bootstrap\\BootProviders->bootstrap()
#12 /home/u1568686/public_html/vendor/laravel/framework/src/Illuminate/Foundation/Http/Kernel.php(176): Illuminate\\Foundation\\Application->bootstrapWith()
#13 /home/u1568686/public_html/vendor/laravel/framework/src/Illuminate/Foundation/Http/Kernel.php(160): Illuminate\\Foundation\\Http\\Kernel->bootstrap()
#14 /home/u1568686/public_html/vendor/laravel/framework/src/Illuminate/Foundation/Http/Kernel.php(134): Illuminate\\Foundation\\Http\\Kernel->sendRequestThroughRouter()
#15 /home/u1568686/public_html/public/index.php(72): Illuminate\\Foundation\\Http\\Kernel->handle()
#16 {main}
"} 
[2023-10-10 17:47:10] production.ERROR: Call to undefined function App\Providers\setting_item() {"exception":"[object] (Error(code: 0): Call to undefined function App\\Providers\\setting_item() at /home/u1568686/public_html/app/Providers/AppServiceProvider.php:203)
[stacktrace]
#0 /home/u1568686/public_html/app/Providers/AppServiceProvider.php(42): App\\Providers\\AppServiceProvider->setLang()
#1 /home/u1568686/public_html/vendor/laravel/framework/src/Illuminate/Container/BoundMethod.php(36): App\\Providers\\AppServiceProvider->boot()
#2 /home/u1568686/public_html/vendor/laravel/framework/src/Illuminate/Container/Util.php(41): Illuminate\\Container\\BoundMethod::Illuminate\\Container\\{closure}()
#3 /home/u1568686/public_html/vendor/laravel/framework/src/Illuminate/Container/BoundMethod.php(93): Illuminate\\Container\\Util::unwrapIfClosure()
#4 /home/u1568686/public_html/vendor/laravel/framework/src/Illuminate/Container/BoundMethod.php(37): Illuminate\\Container\\BoundMethod::callBoundMethod()
#5 /home/u1568686/public_html/vendor/laravel/framework/src/Illuminate/Container/Container.php(661): Illuminate\\Container\\BoundMethod::call()
#6 /home/u1568686/public_html/vendor/laravel/framework/src/Illuminate/Foundation/Application.php(929): Illuminate\\Container\\Container->call()
#7 /home/u1568686/public_html/vendor/laravel/framework/src/Illuminate/Foundation/Application.php(910): Illuminate\\Foundation\\Application->bootProvider()
#8 [internal function]: Illuminate\\Foundation\\Application->Illuminate\\Foundation\\{closure}()
#9 /home/u1568686/public_html/vendor/laravel/framework/src/Illuminate/Foundation/Application.php(911): array_walk()
#10 /home/u1568686/public_html/vendor/laravel/framework/src/Illuminate/Foundation/Bootstrap/BootProviders.php(17): Illuminate\\Foundation\\Application->boot()
#11 /home/u1568686/public_html/vendor/laravel/framework/src/Illuminate/Foundation/Application.php(242): Illuminate\\Foundation\\Bootstrap\\BootProviders->bootstrap()
#12 /home/u1568686/public_html/vendor/laravel/framework/src/Illuminate/Foundation/Http/Kernel.php(176): Illuminate\\Foundation\\Application->bootstrapWith()
#13 /home/u1568686/public_html/vendor/laravel/framework/src/Illuminate/Foundation/Http/Kernel.php(160): Illuminate\\Foundation\\Http\\Kernel->bootstrap()
#14 /home/u1568686/public_html/vendor/laravel/framework/src/Illuminate/Foundation/Http/Kernel.php(134): Illuminate\\Foundation\\Http\\Kernel->sendRequestThroughRouter()
#15 /home/u1568686/public_html/public/index.php(72): Illuminate\\Foundation\\Http\\Kernel->handle()
#16 {main}
"} 
[2023-10-10 17:47:11] production.ERROR: Call to undefined function App\Providers\setting_item() {"exception":"[object] (Error(code: 0): Call to undefined function App\\Providers\\setting_item() at /home/u1568686/public_html/app/Providers/AppServiceProvider.php:203)
[stacktrace]
#0 /home/u1568686/public_html/app/Providers/AppServiceProvider.php(42): App\\Providers\\AppServiceProvider->setLang()
#1 /home/u1568686/public_html/vendor/laravel/framework/src/Illuminate/Container/BoundMethod.php(36): App\\Providers\\AppServiceProvider->boot()
#2 /home/u1568686/public_html/vendor/laravel/framework/src/Illuminate/Container/Util.php(41): Illuminate\\Container\\BoundMethod::Illuminate\\Container\\{closure}()
#3 /home/u1568686/public_html/vendor/laravel/framework/src/Illuminate/Container/BoundMethod.php(93): Illuminate\\Container\\Util::unwrapIfClosure()
#4 /home/u1568686/public_html/vendor/laravel/framework/src/Illuminate/Container/BoundMethod.php(37): Illuminate\\Container\\BoundMethod::callBoundMethod()
#5 /home/u1568686/public_html/vendor/laravel/framework/src/Illuminate/Container/Container.php(661): Illuminate\\Container\\BoundMethod::call()
#6 /home/u1568686/public_html/vendor/laravel/framework/src/Illuminate/Foundation/Application.php(929): Illuminate\\Container\\Container->call()
#7 /home/u1568686/public_html/vendor/laravel/framework/src/Illuminate/Foundation/Application.php(910): Illuminate\\Foundation\\Application->bootProvider()
#8 [internal function]: Illuminate\\Foundation\\Application->Illuminate\\Foundation\\{closure}()
#9 /home/u1568686/public_html/vendor/laravel/framework/src/Illuminate/Foundation/Application.php(911): array_walk()
#10 /home/u1568686/public_html/vendor/laravel/framework/src/Illuminate/Foundation/Bootstrap/BootProviders.php(17): Illuminate\\Foundation\\Application->boot()
#11 /home/u1568686/public_html/vendor/laravel/framework/src/Illuminate/Foundation/Application.php(242): Illuminate\\Foundation\\Bootstrap\\BootProviders->bootstrap()
#12 /home/u1568686/public_html/vendor/laravel/framework/src/Illuminate/Foundation/Http/Kernel.php(176): Illuminate\\Foundation\\Application->bootstrapWith()
#13 /home/u1568686/public_html/vendor/laravel/framework/src/Illuminate/Foundation/Http/Kernel.php(160): Illuminate\\Foundation\\Http\\Kernel->bootstrap()
#14 /home/u1568686/public_html/vendor/laravel/framework/src/Illuminate/Foundation/Http/Kernel.php(134): Illuminate\\Foundation\\Http\\Kernel->sendRequestThroughRouter()
#15 /home/u1568686/public_html/public/index.php(72): Illuminate\\Foundation\\Http\\Kernel->handle()
#16 {main}
"} 
[2023-10-10 17:48:16] production.ERROR: Call to undefined function App\Providers\setting_item() {"exception":"[object] (Error(code: 0): Call to undefined function App\\Providers\\setting_item() at /home/u1568686/public_html/app/Providers/AppServiceProvider.php:203)
[stacktrace]
#0 /home/u1568686/public_html/app/Providers/AppServiceProvider.php(42): App\\Providers\\AppServiceProvider->setLang()
#1 /home/u1568686/public_html/vendor/laravel/framework/src/Illuminate/Container/BoundMethod.php(36): App\\Providers\\AppServiceProvider->boot()
#2 /home/u1568686/public_html/vendor/laravel/framework/src/Illuminate/Container/Util.php(41): Illuminate\\Container\\BoundMethod::Illuminate\\Container\\{closure}()
#3 /home/u1568686/public_html/vendor/laravel/framework/src/Illuminate/Container/BoundMethod.php(93): Illuminate\\Container\\Util::unwrapIfClosure()
#4 /home/u1568686/public_html/vendor/laravel/framework/src/Illuminate/Container/BoundMethod.php(37): Illuminate\\Container\\BoundMethod::callBoundMethod()
#5 /home/u1568686/public_html/vendor/laravel/framework/src/Illuminate/Container/Container.php(661): Illuminate\\Container\\BoundMethod::call()
#6 /home/u1568686/public_html/vendor/laravel/framework/src/Illuminate/Foundation/Application.php(929): Illuminate\\Container\\Container->call()
#7 /home/u1568686/public_html/vendor/laravel/framework/src/Illuminate/Foundation/Application.php(910): Illuminate\\Foundation\\Application->bootProvider()
#8 [internal function]: Illuminate\\Foundation\\Application->Illuminate\\Foundation\\{closure}()
#9 /home/u1568686/public_html/vendor/laravel/framework/src/Illuminate/Foundation/Application.php(911): array_walk()
#10 /home/u1568686/public_html/vendor/laravel/framework/src/Illuminate/Foundation/Bootstrap/BootProviders.php(17): Illuminate\\Foundation\\Application->boot()
#11 /home/u1568686/public_html/vendor/laravel/framework/src/Illuminate/Foundation/Application.php(242): Illuminate\\Foundation\\Bootstrap\\BootProviders->bootstrap()
#12 /home/u1568686/public_html/vendor/laravel/framework/src/Illuminate/Foundation/Http/Kernel.php(176): Illuminate\\Foundation\\Application->bootstrapWith()
#13 /home/u1568686/public_html/vendor/laravel/framework/src/Illuminate/Foundation/Http/Kernel.php(160): Illuminate\\Foundation\\Http\\Kernel->bootstrap()
#14 /home/u1568686/public_html/vendor/laravel/framework/src/Illuminate/Foundation/Http/Kernel.php(134): Illuminate\\Foundation\\Http\\Kernel->sendRequestThroughRouter()
#15 /home/u1568686/public_html/public/index.php(72): Illuminate\\Foundation\\Http\\Kernel->handle()
#16 {main}
"} 
[2023-10-10 17:49:53] production.ERROR: Call to undefined function App\Providers\setting_item() {"exception":"[object] (Error(code: 0): Call to undefined function App\\Providers\\setting_item() at /home/u1568686/public_html/app/Providers/AppServiceProvider.php:203)
[stacktrace]
#0 /home/u1568686/public_html/app/Providers/AppServiceProvider.php(42): App\\Providers\\AppServiceProvider->setLang()
#1 /home/u1568686/public_html/vendor/laravel/framework/src/Illuminate/Container/BoundMethod.php(36): App\\Providers\\AppServiceProvider->boot()
#2 /home/u1568686/public_html/vendor/laravel/framework/src/Illuminate/Container/Util.php(41): Illuminate\\Container\\BoundMethod::Illuminate\\Container\\{closure}()
#3 /home/u1568686/public_html/vendor/laravel/framework/src/Illuminate/Container/BoundMethod.php(93): Illuminate\\Container\\Util::unwrapIfClosure()
#4 /home/u1568686/public_html/vendor/laravel/framework/src/Illuminate/Container/BoundMethod.php(37): Illuminate\\Container\\BoundMethod::callBoundMethod()
#5 /home/u1568686/public_html/vendor/laravel/framework/src/Illuminate/Container/Container.php(661): Illuminate\\Container\\BoundMethod::call()
#6 /home/u1568686/public_html/vendor/laravel/framework/src/Illuminate/Foundation/Application.php(929): Illuminate\\Container\\Container->call()
#7 /home/u1568686/public_html/vendor/laravel/framework/src/Illuminate/Foundation/Application.php(910): Illuminate\\Foundation\\Application->bootProvider()
#8 [internal function]: Illuminate\\Foundation\\Application->Illuminate\\Foundation\\{closure}()
#9 /home/u1568686/public_html/vendor/laravel/framework/src/Illuminate/Foundation/Application.php(911): array_walk()
#10 /home/u1568686/public_html/vendor/laravel/framework/src/Illuminate/Foundation/Bootstrap/BootProviders.php(17): Illuminate\\Foundation\\Application->boot()
#11 /home/u1568686/public_html/vendor/laravel/framework/src/Illuminate/Foundation/Application.php(242): Illuminate\\Foundation\\Bootstrap\\BootProviders->bootstrap()
#12 /home/u1568686/public_html/vendor/laravel/framework/src/Illuminate/Foundation/Http/Kernel.php(176): Illuminate\\Foundation\\Application->bootstrapWith()
#13 /home/u1568686/public_html/vendor/laravel/framework/src/Illuminate/Foundation/Http/Kernel.php(160): Illuminate\\Foundation\\Http\\Kernel->bootstrap()
#14 /home/u1568686/public_html/vendor/laravel/framework/src/Illuminate/Foundation/Http/Kernel.php(134): Illuminate\\Foundation\\Http\\Kernel->sendRequestThroughRouter()
#15 /home/u1568686/public_html/public/index.php(72): Illuminate\\Foundation\\Http\\Kernel->handle()
#16 {main}
"} 
[2023-10-10 17:50:10] production.ERROR: Call to undefined function App\Providers\setting_item() {"exception":"[object] (Error(code: 0): Call to undefined function App\\Providers\\setting_item() at /home/u1568686/public_html/app/Providers/AppServiceProvider.php:203)
[stacktrace]
#0 /home/u1568686/public_html/app/Providers/AppServiceProvider.php(42): App\\Providers\\AppServiceProvider->setLang()
#1 /home/u1568686/public_html/vendor/laravel/framework/src/Illuminate/Container/BoundMethod.php(36): App\\Providers\\AppServiceProvider->boot()
#2 /home/u1568686/public_html/vendor/laravel/framework/src/Illuminate/Container/Util.php(41): Illuminate\\Container\\BoundMethod::Illuminate\\Container\\{closure}()
#3 /home/u1568686/public_html/vendor/laravel/framework/src/Illuminate/Container/BoundMethod.php(93): Illuminate\\Container\\Util::unwrapIfClosure()
#4 /home/u1568686/public_html/vendor/laravel/framework/src/Illuminate/Container/BoundMethod.php(37): Illuminate\\Container\\BoundMethod::callBoundMethod()
#5 /home/u1568686/public_html/vendor/laravel/framework/src/Illuminate/Container/Container.php(661): Illuminate\\Container\\BoundMethod::call()
#6 /home/u1568686/public_html/vendor/laravel/framework/src/Illuminate/Foundation/Application.php(929): Illuminate\\Container\\Container->call()
#7 /home/u1568686/public_html/vendor/laravel/framework/src/Illuminate/Foundation/Application.php(910): Illuminate\\Foundation\\Application->bootProvider()
#8 [internal function]: Illuminate\\Foundation\\Application->Illuminate\\Foundation\\{closure}()
#9 /home/u1568686/public_html/vendor/laravel/framework/src/Illuminate/Foundation/Application.php(911): array_walk()
#10 /home/u1568686/public_html/vendor/laravel/framework/src/Illuminate/Foundation/Bootstrap/BootProviders.php(17): Illuminate\\Foundation\\Application->boot()
#11 /home/u1568686/public_html/vendor/laravel/framework/src/Illuminate/Foundation/Application.php(242): Illuminate\\Foundation\\Bootstrap\\BootProviders->bootstrap()
#12 /home/u1568686/public_html/vendor/laravel/framework/src/Illuminate/Foundation/Http/Kernel.php(176): Illuminate\\Foundation\\Application->bootstrapWith()
#13 /home/u1568686/public_html/vendor/laravel/framework/src/Illuminate/Foundation/Http/Kernel.php(160): Illuminate\\Foundation\\Http\\Kernel->bootstrap()
#14 /home/u1568686/public_html/vendor/laravel/framework/src/Illuminate/Foundation/Http/Kernel.php(134): Illuminate\\Foundation\\Http\\Kernel->sendRequestThroughRouter()
#15 /home/u1568686/public_html/public/index.php(72): Illuminate\\Foundation\\Http\\Kernel->handle()
#16 {main}
"} 
[2023-10-10 17:55:50] production.ERROR: Call to undefined function App\Providers\setting_item() {"exception":"[object] (Error(code: 0): Call to undefined function App\\Providers\\setting_item() at /home/u1568686/public_html/app/Providers/AppServiceProvider.php:203)
[stacktrace]
#0 /home/u1568686/public_html/app/Providers/AppServiceProvider.php(42): App\\Providers\\AppServiceProvider->setLang()
#1 /home/u1568686/public_html/vendor/laravel/framework/src/Illuminate/Container/BoundMethod.php(36): App\\Providers\\AppServiceProvider->boot()
#2 /home/u1568686/public_html/vendor/laravel/framework/src/Illuminate/Container/Util.php(41): Illuminate\\Container\\BoundMethod::Illuminate\\Container\\{closure}()
#3 /home/u1568686/public_html/vendor/laravel/framework/src/Illuminate/Container/BoundMethod.php(93): Illuminate\\Container\\Util::unwrapIfClosure()
#4 /home/u1568686/public_html/vendor/laravel/framework/src/Illuminate/Container/BoundMethod.php(37): Illuminate\\Container\\BoundMethod::callBoundMethod()
#5 /home/u1568686/public_html/vendor/laravel/framework/src/Illuminate/Container/Container.php(661): Illuminate\\Container\\BoundMethod::call()
#6 /home/u1568686/public_html/vendor/laravel/framework/src/Illuminate/Foundation/Application.php(929): Illuminate\\Container\\Container->call()
#7 /home/u1568686/public_html/vendor/laravel/framework/src/Illuminate/Foundation/Application.php(910): Illuminate\\Foundation\\Application->bootProvider()
#8 [internal function]: Illuminate\\Foundation\\Application->Illuminate\\Foundation\\{closure}()
#9 /home/u1568686/public_html/vendor/laravel/framework/src/Illuminate/Foundation/Application.php(911): array_walk()
#10 /home/u1568686/public_html/vendor/laravel/framework/src/Illuminate/Foundation/Bootstrap/BootProviders.php(17): Illuminate\\Foundation\\Application->boot()
#11 /home/u1568686/public_html/vendor/laravel/framework/src/Illuminate/Foundation/Application.php(242): Illuminate\\Foundation\\Bootstrap\\BootProviders->bootstrap()
#12 /home/u1568686/public_html/vendor/laravel/framework/src/Illuminate/Foundation/Http/Kernel.php(176): Illuminate\\Foundation\\Application->bootstrapWith()
#13 /home/u1568686/public_html/vendor/laravel/framework/src/Illuminate/Foundation/Http/Kernel.php(160): Illuminate\\Foundation\\Http\\Kernel->bootstrap()
#14 /home/u1568686/public_html/vendor/laravel/framework/src/Illuminate/Foundation/Http/Kernel.php(134): Illuminate\\Foundation\\Http\\Kernel->sendRequestThroughRouter()
#15 /home/u1568686/public_html/public/index.php(72): Illuminate\\Foundation\\Http\\Kernel->handle()
#16 {main}
"} 
[2023-10-10 17:55:51] production.ERROR: Call to undefined function App\Providers\setting_item() {"exception":"[object] (Error(code: 0): Call to undefined function App\\Providers\\setting_item() at /home/u1568686/public_html/app/Providers/AppServiceProvider.php:203)
[stacktrace]
#0 /home/u1568686/public_html/app/Providers/AppServiceProvider.php(42): App\\Providers\\AppServiceProvider->setLang()
#1 /home/u1568686/public_html/vendor/laravel/framework/src/Illuminate/Container/BoundMethod.php(36): App\\Providers\\AppServiceProvider->boot()
#2 /home/u1568686/public_html/vendor/laravel/framework/src/Illuminate/Container/Util.php(41): Illuminate\\Container\\BoundMethod::Illuminate\\Container\\{closure}()
#3 /home/u1568686/public_html/vendor/laravel/framework/src/Illuminate/Container/BoundMethod.php(93): Illuminate\\Container\\Util::unwrapIfClosure()
#4 /home/u1568686/public_html/vendor/laravel/framework/src/Illuminate/Container/BoundMethod.php(37): Illuminate\\Container\\BoundMethod::callBoundMethod()
#5 /home/u1568686/public_html/vendor/laravel/framework/src/Illuminate/Container/Container.php(661): Illuminate\\Container\\BoundMethod::call()
#6 /home/u1568686/public_html/vendor/laravel/framework/src/Illuminate/Foundation/Application.php(929): Illuminate\\Container\\Container->call()
#7 /home/u1568686/public_html/vendor/laravel/framework/src/Illuminate/Foundation/Application.php(910): Illuminate\\Foundation\\Application->bootProvider()
#8 [internal function]: Illuminate\\Foundation\\Application->Illuminate\\Foundation\\{closure}()
#9 /home/u1568686/public_html/vendor/laravel/framework/src/Illuminate/Foundation/Application.php(911): array_walk()
#10 /home/u1568686/public_html/vendor/laravel/framework/src/Illuminate/Foundation/Bootstrap/BootProviders.php(17): Illuminate\\Foundation\\Application->boot()
#11 /home/u1568686/public_html/vendor/laravel/framework/src/Illuminate/Foundation/Application.php(242): Illuminate\\Foundation\\Bootstrap\\BootProviders->bootstrap()
#12 /home/u1568686/public_html/vendor/laravel/framework/src/Illuminate/Foundation/Http/Kernel.php(176): Illuminate\\Foundation\\Application->bootstrapWith()
#13 /home/u1568686/public_html/vendor/laravel/framework/src/Illuminate/Foundation/Http/Kernel.php(160): Illuminate\\Foundation\\Http\\Kernel->bootstrap()
#14 /home/u1568686/public_html/vendor/laravel/framework/src/Illuminate/Foundation/Http/Kernel.php(134): Illuminate\\Foundation\\Http\\Kernel->sendRequestThroughRouter()
#15 /home/u1568686/public_html/public/index.php(72): Illuminate\\Foundation\\Http\\Kernel->handle()
#16 {main}
"} 
[2023-10-10 17:57:46] production.ERROR: Call to undefined function App\Providers\setting_item() {"exception":"[object] (Error(code: 0): Call to undefined function App\\Providers\\setting_item() at /home/u1568686/public_html/app/Providers/AppServiceProvider.php:203)
[stacktrace]
#0 /home/u1568686/public_html/app/Providers/AppServiceProvider.php(42): App\\Providers\\AppServiceProvider->setLang()
#1 /home/u1568686/public_html/vendor/laravel/framework/src/Illuminate/Container/BoundMethod.php(36): App\\Providers\\AppServiceProvider->boot()
#2 /home/u1568686/public_html/vendor/laravel/framework/src/Illuminate/Container/Util.php(41): Illuminate\\Container\\BoundMethod::Illuminate\\Container\\{closure}()
#3 /home/u1568686/public_html/vendor/laravel/framework/src/Illuminate/Container/BoundMethod.php(93): Illuminate\\Container\\Util::unwrapIfClosure()
#4 /home/u1568686/public_html/vendor/laravel/framework/src/Illuminate/Container/BoundMethod.php(37): Illuminate\\Container\\BoundMethod::callBoundMethod()
#5 /home/u1568686/public_html/vendor/laravel/framework/src/Illuminate/Container/Container.php(661): Illuminate\\Container\\BoundMethod::call()
#6 /home/u1568686/public_html/vendor/laravel/framework/src/Illuminate/Foundation/Application.php(929): Illuminate\\Container\\Container->call()
#7 /home/u1568686/public_html/vendor/laravel/framework/src/Illuminate/Foundation/Application.php(910): Illuminate\\Foundation\\Application->bootProvider()
#8 [internal function]: Illuminate\\Foundation\\Application->Illuminate\\Foundation\\{closure}()
#9 /home/u1568686/public_html/vendor/laravel/framework/src/Illuminate/Foundation/Application.php(911): array_walk()
#10 /home/u1568686/public_html/vendor/laravel/framework/src/Illuminate/Foundation/Bootstrap/BootProviders.php(17): Illuminate\\Foundation\\Application->boot()
#11 /home/u1568686/public_html/vendor/laravel/framework/src/Illuminate/Foundation/Application.php(242): Illuminate\\Foundation\\Bootstrap\\BootProviders->bootstrap()
#12 /home/u1568686/public_html/vendor/laravel/framework/src/Illuminate/Foundation/Http/Kernel.php(176): Illuminate\\Foundation\\Application->bootstrapWith()
#13 /home/u1568686/public_html/vendor/laravel/framework/src/Illuminate/Foundation/Http/Kernel.php(160): Illuminate\\Foundation\\Http\\Kernel->bootstrap()
#14 /home/u1568686/public_html/vendor/laravel/framework/src/Illuminate/Foundation/Http/Kernel.php(134): Illuminate\\Foundation\\Http\\Kernel->sendRequestThroughRouter()
#15 /home/u1568686/public_html/public/index.php(72): Illuminate\\Foundation\\Http\\Kernel->handle()
#16 {main}
"} 
[2023-10-10 17:57:48] production.ERROR: Call to undefined function App\Providers\setting_item() {"exception":"[object] (Error(code: 0): Call to undefined function App\\Providers\\setting_item() at /home/u1568686/public_html/app/Providers/AppServiceProvider.php:203)
[stacktrace]
#0 /home/u1568686/public_html/app/Providers/AppServiceProvider.php(42): App\\Providers\\AppServiceProvider->setLang()
#1 /home/u1568686/public_html/vendor/laravel/framework/src/Illuminate/Container/BoundMethod.php(36): App\\Providers\\AppServiceProvider->boot()
#2 /home/u1568686/public_html/vendor/laravel/framework/src/Illuminate/Container/Util.php(41): Illuminate\\Container\\BoundMethod::Illuminate\\Container\\{closure}()
#3 /home/u1568686/public_html/vendor/laravel/framework/src/Illuminate/Container/BoundMethod.php(93): Illuminate\\Container\\Util::unwrapIfClosure()
#4 /home/u1568686/public_html/vendor/laravel/framework/src/Illuminate/Container/BoundMethod.php(37): Illuminate\\Container\\BoundMethod::callBoundMethod()
#5 /home/u1568686/public_html/vendor/laravel/framework/src/Illuminate/Container/Container.php(661): Illuminate\\Container\\BoundMethod::call()
#6 /home/u1568686/public_html/vendor/laravel/framework/src/Illuminate/Foundation/Application.php(929): Illuminate\\Container\\Container->call()
#7 /home/u1568686/public_html/vendor/laravel/framework/src/Illuminate/Foundation/Application.php(910): Illuminate\\Foundation\\Application->bootProvider()
#8 [internal function]: Illuminate\\Foundation\\Application->Illuminate\\Foundation\\{closure}()
#9 /home/u1568686/public_html/vendor/laravel/framework/src/Illuminate/Foundation/Application.php(911): array_walk()
#10 /home/u1568686/public_html/vendor/laravel/framework/src/Illuminate/Foundation/Bootstrap/BootProviders.php(17): Illuminate\\Foundation\\Application->boot()
#11 /home/u1568686/public_html/vendor/laravel/framework/src/Illuminate/Foundation/Application.php(242): Illuminate\\Foundation\\Bootstrap\\BootProviders->bootstrap()
#12 /home/u1568686/public_html/vendor/laravel/framework/src/Illuminate/Foundation/Http/Kernel.php(176): Illuminate\\Foundation\\Application->bootstrapWith()
#13 /home/u1568686/public_html/vendor/laravel/framework/src/Illuminate/Foundation/Http/Kernel.php(160): Illuminate\\Foundation\\Http\\Kernel->bootstrap()
#14 /home/u1568686/public_html/vendor/laravel/framework/src/Illuminate/Foundation/Http/Kernel.php(134): Illuminate\\Foundation\\Http\\Kernel->sendRequestThroughRouter()
#15 /home/u1568686/public_html/public/index.php(72): Illuminate\\Foundation\\Http\\Kernel->handle()
#16 {main}
"} 
[2023-10-10 17:58:35] production.ERROR: Call to undefined function App\Providers\setting_item() {"exception":"[object] (Error(code: 0): Call to undefined function App\\Providers\\setting_item() at /home/u1568686/public_html/app/Providers/AppServiceProvider.php:203)
[stacktrace]
#0 /home/u1568686/public_html/app/Providers/AppServiceProvider.php(42): App\\Providers\\AppServiceProvider->setLang()
#1 /home/u1568686/public_html/vendor/laravel/framework/src/Illuminate/Container/BoundMethod.php(36): App\\Providers\\AppServiceProvider->boot()
#2 /home/u1568686/public_html/vendor/laravel/framework/src/Illuminate/Container/Util.php(41): Illuminate\\Container\\BoundMethod::Illuminate\\Container\\{closure}()
#3 /home/u1568686/public_html/vendor/laravel/framework/src/Illuminate/Container/BoundMethod.php(93): Illuminate\\Container\\Util::unwrapIfClosure()
#4 /home/u1568686/public_html/vendor/laravel/framework/src/Illuminate/Container/BoundMethod.php(37): Illuminate\\Container\\BoundMethod::callBoundMethod()
#5 /home/u1568686/public_html/vendor/laravel/framework/src/Illuminate/Container/Container.php(661): Illuminate\\Container\\BoundMethod::call()
#6 /home/u1568686/public_html/vendor/laravel/framework/src/Illuminate/Foundation/Application.php(929): Illuminate\\Container\\Container->call()
#7 /home/u1568686/public_html/vendor/laravel/framework/src/Illuminate/Foundation/Application.php(910): Illuminate\\Foundation\\Application->bootProvider()
#8 [internal function]: Illuminate\\Foundation\\Application->Illuminate\\Foundation\\{closure}()
#9 /home/u1568686/public_html/vendor/laravel/framework/src/Illuminate/Foundation/Application.php(911): array_walk()
#10 /home/u1568686/public_html/vendor/laravel/framework/src/Illuminate/Foundation/Bootstrap/BootProviders.php(17): Illuminate\\Foundation\\Application->boot()
#11 /home/u1568686/public_html/vendor/laravel/framework/src/Illuminate/Foundation/Application.php(242): Illuminate\\Foundation\\Bootstrap\\BootProviders->bootstrap()
#12 /home/u1568686/public_html/vendor/laravel/framework/src/Illuminate/Foundation/Http/Kernel.php(176): Illuminate\\Foundation\\Application->bootstrapWith()
#13 /home/u1568686/public_html/vendor/laravel/framework/src/Illuminate/Foundation/Http/Kernel.php(160): Illuminate\\Foundation\\Http\\Kernel->bootstrap()
#14 /home/u1568686/public_html/vendor/laravel/framework/src/Illuminate/Foundation/Http/Kernel.php(134): Illuminate\\Foundation\\Http\\Kernel->sendRequestThroughRouter()
#15 /home/u1568686/public_html/public/index.php(72): Illuminate\\Foundation\\Http\\Kernel->handle()
#16 {main}
"} 
[2023-10-10 17:58:36] production.ERROR: Call to undefined function App\Providers\setting_item() {"exception":"[object] (Error(code: 0): Call to undefined function App\\Providers\\setting_item() at /home/u1568686/public_html/app/Providers/AppServiceProvider.php:203)
[stacktrace]
#0 /home/u1568686/public_html/app/Providers/AppServiceProvider.php(42): App\\Providers\\AppServiceProvider->setLang()
#1 /home/u1568686/public_html/vendor/laravel/framework/src/Illuminate/Container/BoundMethod.php(36): App\\Providers\\AppServiceProvider->boot()
#2 /home/u1568686/public_html/vendor/laravel/framework/src/Illuminate/Container/Util.php(41): Illuminate\\Container\\BoundMethod::Illuminate\\Container\\{closure}()
#3 /home/u1568686/public_html/vendor/laravel/framework/src/Illuminate/Container/BoundMethod.php(93): Illuminate\\Container\\Util::unwrapIfClosure()
#4 /home/u1568686/public_html/vendor/laravel/framework/src/Illuminate/Container/BoundMethod.php(37): Illuminate\\Container\\BoundMethod::callBoundMethod()
#5 /home/u1568686/public_html/vendor/laravel/framework/src/Illuminate/Container/Container.php(661): Illuminate\\Container\\BoundMethod::call()
#6 /home/u1568686/public_html/vendor/laravel/framework/src/Illuminate/Foundation/Application.php(929): Illuminate\\Container\\Container->call()
#7 /home/u1568686/public_html/vendor/laravel/framework/src/Illuminate/Foundation/Application.php(910): Illuminate\\Foundation\\Application->bootProvider()
#8 [internal function]: Illuminate\\Foundation\\Application->Illuminate\\Foundation\\{closure}()
#9 /home/u1568686/public_html/vendor/laravel/framework/src/Illuminate/Foundation/Application.php(911): array_walk()
#10 /home/u1568686/public_html/vendor/laravel/framework/src/Illuminate/Foundation/Bootstrap/BootProviders.php(17): Illuminate\\Foundation\\Application->boot()
#11 /home/u1568686/public_html/vendor/laravel/framework/src/Illuminate/Foundation/Application.php(242): Illuminate\\Foundation\\Bootstrap\\BootProviders->bootstrap()
#12 /home/u1568686/public_html/vendor/laravel/framework/src/Illuminate/Foundation/Http/Kernel.php(176): Illuminate\\Foundation\\Application->bootstrapWith()
#13 /home/u1568686/public_html/vendor/laravel/framework/src/Illuminate/Foundation/Http/Kernel.php(160): Illuminate\\Foundation\\Http\\Kernel->bootstrap()
#14 /home/u1568686/public_html/vendor/laravel/framework/src/Illuminate/Foundation/Http/Kernel.php(134): Illuminate\\Foundation\\Http\\Kernel->sendRequestThroughRouter()
#15 /home/u1568686/public_html/public/index.php(72): Illuminate\\Foundation\\Http\\Kernel->handle()
#16 {main}
"} 
[2023-10-10 17:58:53] production.ERROR: Call to undefined function App\Providers\setting_item() {"exception":"[object] (Error(code: 0): Call to undefined function App\\Providers\\setting_item() at /home/u1568686/public_html/app/Providers/AppServiceProvider.php:203)
[stacktrace]
#0 /home/u1568686/public_html/app/Providers/AppServiceProvider.php(42): App\\Providers\\AppServiceProvider->setLang()
#1 /home/u1568686/public_html/vendor/laravel/framework/src/Illuminate/Container/BoundMethod.php(36): App\\Providers\\AppServiceProvider->boot()
#2 /home/u1568686/public_html/vendor/laravel/framework/src/Illuminate/Container/Util.php(41): Illuminate\\Container\\BoundMethod::Illuminate\\Container\\{closure}()
#3 /home/u1568686/public_html/vendor/laravel/framework/src/Illuminate/Container/BoundMethod.php(93): Illuminate\\Container\\Util::unwrapIfClosure()
#4 /home/u1568686/public_html/vendor/laravel/framework/src/Illuminate/Container/BoundMethod.php(37): Illuminate\\Container\\BoundMethod::callBoundMethod()
#5 /home/u1568686/public_html/vendor/laravel/framework/src/Illuminate/Container/Container.php(661): Illuminate\\Container\\BoundMethod::call()
#6 /home/u1568686/public_html/vendor/laravel/framework/src/Illuminate/Foundation/Application.php(929): Illuminate\\Container\\Container->call()
#7 /home/u1568686/public_html/vendor/laravel/framework/src/Illuminate/Foundation/Application.php(910): Illuminate\\Foundation\\Application->bootProvider()
#8 [internal function]: Illuminate\\Foundation\\Application->Illuminate\\Foundation\\{closure}()
#9 /home/u1568686/public_html/vendor/laravel/framework/src/Illuminate/Foundation/Application.php(911): array_walk()
#10 /home/u1568686/public_html/vendor/laravel/framework/src/Illuminate/Foundation/Bootstrap/BootProviders.php(17): Illuminate\\Foundation\\Application->boot()
#11 /home/u1568686/public_html/vendor/laravel/framework/src/Illuminate/Foundation/Application.php(242): Illuminate\\Foundation\\Bootstrap\\BootProviders->bootstrap()
#12 /home/u1568686/public_html/vendor/laravel/framework/src/Illuminate/Foundation/Http/Kernel.php(176): Illuminate\\Foundation\\Application->bootstrapWith()
#13 /home/u1568686/public_html/vendor/laravel/framework/src/Illuminate/Foundation/Http/Kernel.php(160): Illuminate\\Foundation\\Http\\Kernel->bootstrap()
#14 /home/u1568686/public_html/vendor/laravel/framework/src/Illuminate/Foundation/Http/Kernel.php(134): Illuminate\\Foundation\\Http\\Kernel->sendRequestThroughRouter()
#15 /home/u1568686/public_html/public/index.php(72): Illuminate\\Foundation\\Http\\Kernel->handle()
#16 {main}
"} 
[2023-10-10 17:58:54] production.ERROR: Call to undefined function App\Providers\setting_item() {"exception":"[object] (Error(code: 0): Call to undefined function App\\Providers\\setting_item() at /home/u1568686/public_html/app/Providers/AppServiceProvider.php:203)
[stacktrace]
#0 /home/u1568686/public_html/app/Providers/AppServiceProvider.php(42): App\\Providers\\AppServiceProvider->setLang()
#1 /home/u1568686/public_html/vendor/laravel/framework/src/Illuminate/Container/BoundMethod.php(36): App\\Providers\\AppServiceProvider->boot()
#2 /home/u1568686/public_html/vendor/laravel/framework/src/Illuminate/Container/Util.php(41): Illuminate\\Container\\BoundMethod::Illuminate\\Container\\{closure}()
#3 /home/u1568686/public_html/vendor/laravel/framework/src/Illuminate/Container/BoundMethod.php(93): Illuminate\\Container\\Util::unwrapIfClosure()
#4 /home/u1568686/public_html/vendor/laravel/framework/src/Illuminate/Container/BoundMethod.php(37): Illuminate\\Container\\BoundMethod::callBoundMethod()
#5 /home/u1568686/public_html/vendor/laravel/framework/src/Illuminate/Container/Container.php(661): Illuminate\\Container\\BoundMethod::call()
#6 /home/u1568686/public_html/vendor/laravel/framework/src/Illuminate/Foundation/Application.php(929): Illuminate\\Container\\Container->call()
#7 /home/u1568686/public_html/vendor/laravel/framework/src/Illuminate/Foundation/Application.php(910): Illuminate\\Foundation\\Application->bootProvider()
#8 [internal function]: Illuminate\\Foundation\\Application->Illuminate\\Foundation\\{closure}()
#9 /home/u1568686/public_html/vendor/laravel/framework/src/Illuminate/Foundation/Application.php(911): array_walk()
#10 /home/u1568686/public_html/vendor/laravel/framework/src/Illuminate/Foundation/Bootstrap/BootProviders.php(17): Illuminate\\Foundation\\Application->boot()
#11 /home/u1568686/public_html/vendor/laravel/framework/src/Illuminate/Foundation/Application.php(242): Illuminate\\Foundation\\Bootstrap\\BootProviders->bootstrap()
#12 /home/u1568686/public_html/vendor/laravel/framework/src/Illuminate/Foundation/Http/Kernel.php(176): Illuminate\\Foundation\\Application->bootstrapWith()
#13 /home/u1568686/public_html/vendor/laravel/framework/src/Illuminate/Foundation/Http/Kernel.php(160): Illuminate\\Foundation\\Http\\Kernel->bootstrap()
#14 /home/u1568686/public_html/vendor/laravel/framework/src/Illuminate/Foundation/Http/Kernel.php(134): Illuminate\\Foundation\\Http\\Kernel->sendRequestThroughRouter()
#15 /home/u1568686/public_html/public/index.php(72): Illuminate\\Foundation\\Http\\Kernel->handle()
#16 {main}
"} 
[2023-10-10 18:01:49] production.ERROR: Call to undefined function App\Providers\setting_item() {"exception":"[object] (Error(code: 0): Call to undefined function App\\Providers\\setting_item() at /home/u1568686/public_html/app/Providers/AppServiceProvider.php:203)
[stacktrace]
#0 /home/u1568686/public_html/app/Providers/AppServiceProvider.php(42): App\\Providers\\AppServiceProvider->setLang()
#1 /home/u1568686/public_html/vendor/laravel/framework/src/Illuminate/Container/BoundMethod.php(36): App\\Providers\\AppServiceProvider->boot()
#2 /home/u1568686/public_html/vendor/laravel/framework/src/Illuminate/Container/Util.php(41): Illuminate\\Container\\BoundMethod::Illuminate\\Container\\{closure}()
#3 /home/u1568686/public_html/vendor/laravel/framework/src/Illuminate/Container/BoundMethod.php(93): Illuminate\\Container\\Util::unwrapIfClosure()
#4 /home/u1568686/public_html/vendor/laravel/framework/src/Illuminate/Container/BoundMethod.php(37): Illuminate\\Container\\BoundMethod::callBoundMethod()
#5 /home/u1568686/public_html/vendor/laravel/framework/src/Illuminate/Container/Container.php(661): Illuminate\\Container\\BoundMethod::call()
#6 /home/u1568686/public_html/vendor/laravel/framework/src/Illuminate/Foundation/Application.php(929): Illuminate\\Container\\Container->call()
#7 /home/u1568686/public_html/vendor/laravel/framework/src/Illuminate/Foundation/Application.php(910): Illuminate\\Foundation\\Application->bootProvider()
#8 [internal function]: Illuminate\\Foundation\\Application->Illuminate\\Foundation\\{closure}()
#9 /home/u1568686/public_html/vendor/laravel/framework/src/Illuminate/Foundation/Application.php(911): array_walk()
#10 /home/u1568686/public_html/vendor/laravel/framework/src/Illuminate/Foundation/Bootstrap/BootProviders.php(17): Illuminate\\Foundation\\Application->boot()
#11 /home/u1568686/public_html/vendor/laravel/framework/src/Illuminate/Foundation/Application.php(242): Illuminate\\Foundation\\Bootstrap\\BootProviders->bootstrap()
#12 /home/u1568686/public_html/vendor/laravel/framework/src/Illuminate/Foundation/Http/Kernel.php(176): Illuminate\\Foundation\\Application->bootstrapWith()
#13 /home/u1568686/public_html/vendor/laravel/framework/src/Illuminate/Foundation/Http/Kernel.php(160): Illuminate\\Foundation\\Http\\Kernel->bootstrap()
#14 /home/u1568686/public_html/vendor/laravel/framework/src/Illuminate/Foundation/Http/Kernel.php(134): Illuminate\\Foundation\\Http\\Kernel->sendRequestThroughRouter()
#15 /home/u1568686/public_html/public/index.php(72): Illuminate\\Foundation\\Http\\Kernel->handle()
#16 {main}
"} 
[2023-10-10 18:01:51] production.ERROR: Call to undefined function App\Providers\setting_item() {"exception":"[object] (Error(code: 0): Call to undefined function App\\Providers\\setting_item() at /home/u1568686/public_html/app/Providers/AppServiceProvider.php:203)
[stacktrace]
#0 /home/u1568686/public_html/app/Providers/AppServiceProvider.php(42): App\\Providers\\AppServiceProvider->setLang()
#1 /home/u1568686/public_html/vendor/laravel/framework/src/Illuminate/Container/BoundMethod.php(36): App\\Providers\\AppServiceProvider->boot()
#2 /home/u1568686/public_html/vendor/laravel/framework/src/Illuminate/Container/Util.php(41): Illuminate\\Container\\BoundMethod::Illuminate\\Container\\{closure}()
#3 /home/u1568686/public_html/vendor/laravel/framework/src/Illuminate/Container/BoundMethod.php(93): Illuminate\\Container\\Util::unwrapIfClosure()
#4 /home/u1568686/public_html/vendor/laravel/framework/src/Illuminate/Container/BoundMethod.php(37): Illuminate\\Container\\BoundMethod::callBoundMethod()
#5 /home/u1568686/public_html/vendor/laravel/framework/src/Illuminate/Container/Container.php(661): Illuminate\\Container\\BoundMethod::call()
#6 /home/u1568686/public_html/vendor/laravel/framework/src/Illuminate/Foundation/Application.php(929): Illuminate\\Container\\Container->call()
#7 /home/u1568686/public_html/vendor/laravel/framework/src/Illuminate/Foundation/Application.php(910): Illuminate\\Foundation\\Application->bootProvider()
#8 [internal function]: Illuminate\\Foundation\\Application->Illuminate\\Foundation\\{closure}()
#9 /home/u1568686/public_html/vendor/laravel/framework/src/Illuminate/Foundation/Application.php(911): array_walk()
#10 /home/u1568686/public_html/vendor/laravel/framework/src/Illuminate/Foundation/Bootstrap/BootProviders.php(17): Illuminate\\Foundation\\Application->boot()
#11 /home/u1568686/public_html/vendor/laravel/framework/src/Illuminate/Foundation/Application.php(242): Illuminate\\Foundation\\Bootstrap\\BootProviders->bootstrap()
#12 /home/u1568686/public_html/vendor/laravel/framework/src/Illuminate/Foundation/Http/Kernel.php(176): Illuminate\\Foundation\\Application->bootstrapWith()
#13 /home/u1568686/public_html/vendor/laravel/framework/src/Illuminate/Foundation/Http/Kernel.php(160): Illuminate\\Foundation\\Http\\Kernel->bootstrap()
#14 /home/u1568686/public_html/vendor/laravel/framework/src/Illuminate/Foundation/Http/Kernel.php(134): Illuminate\\Foundation\\Http\\Kernel->sendRequestThroughRouter()
#15 /home/u1568686/public_html/public/index.php(72): Illuminate\\Foundation\\Http\\Kernel->handle()
#16 {main}
"} 
[2023-10-10 18:02:05] production.ERROR: Call to undefined function App\Providers\setting_item() {"exception":"[object] (Error(code: 0): Call to undefined function App\\Providers\\setting_item() at /home/u1568686/public_html/app/Providers/AppServiceProvider.php:203)
[stacktrace]
#0 /home/u1568686/public_html/app/Providers/AppServiceProvider.php(42): App\\Providers\\AppServiceProvider->setLang()
#1 /home/u1568686/public_html/vendor/laravel/framework/src/Illuminate/Container/BoundMethod.php(36): App\\Providers\\AppServiceProvider->boot()
#2 /home/u1568686/public_html/vendor/laravel/framework/src/Illuminate/Container/Util.php(41): Illuminate\\Container\\BoundMethod::Illuminate\\Container\\{closure}()
#3 /home/u1568686/public_html/vendor/laravel/framework/src/Illuminate/Container/BoundMethod.php(93): Illuminate\\Container\\Util::unwrapIfClosure()
#4 /home/u1568686/public_html/vendor/laravel/framework/src/Illuminate/Container/BoundMethod.php(37): Illuminate\\Container\\BoundMethod::callBoundMethod()
#5 /home/u1568686/public_html/vendor/laravel/framework/src/Illuminate/Container/Container.php(661): Illuminate\\Container\\BoundMethod::call()
#6 /home/u1568686/public_html/vendor/laravel/framework/src/Illuminate/Foundation/Application.php(929): Illuminate\\Container\\Container->call()
#7 /home/u1568686/public_html/vendor/laravel/framework/src/Illuminate/Foundation/Application.php(910): Illuminate\\Foundation\\Application->bootProvider()
#8 [internal function]: Illuminate\\Foundation\\Application->Illuminate\\Foundation\\{closure}()
#9 /home/u1568686/public_html/vendor/laravel/framework/src/Illuminate/Foundation/Application.php(911): array_walk()
#10 /home/u1568686/public_html/vendor/laravel/framework/src/Illuminate/Foundation/Bootstrap/BootProviders.php(17): Illuminate\\Foundation\\Application->boot()
#11 /home/u1568686/public_html/vendor/laravel/framework/src/Illuminate/Foundation/Application.php(242): Illuminate\\Foundation\\Bootstrap\\BootProviders->bootstrap()
#12 /home/u1568686/public_html/vendor/laravel/framework/src/Illuminate/Foundation/Http/Kernel.php(176): Illuminate\\Foundation\\Application->bootstrapWith()
#13 /home/u1568686/public_html/vendor/laravel/framework/src/Illuminate/Foundation/Http/Kernel.php(160): Illuminate\\Foundation\\Http\\Kernel->bootstrap()
#14 /home/u1568686/public_html/vendor/laravel/framework/src/Illuminate/Foundation/Http/Kernel.php(134): Illuminate\\Foundation\\Http\\Kernel->sendRequestThroughRouter()
#15 /home/u1568686/public_html/public/index.php(72): Illuminate\\Foundation\\Http\\Kernel->handle()
#16 {main}
"} 
[2023-10-10 18:02:49] production.ERROR: Call to undefined function App\Providers\setting_item() {"exception":"[object] (Error(code: 0): Call to undefined function App\\Providers\\setting_item() at /home/u1568686/public_html/app/Providers/AppServiceProvider.php:203)
[stacktrace]
#0 /home/u1568686/public_html/app/Providers/AppServiceProvider.php(42): App\\Providers\\AppServiceProvider->setLang()
#1 /home/u1568686/public_html/vendor/laravel/framework/src/Illuminate/Container/BoundMethod.php(36): App\\Providers\\AppServiceProvider->boot()
#2 /home/u1568686/public_html/vendor/laravel/framework/src/Illuminate/Container/Util.php(41): Illuminate\\Container\\BoundMethod::Illuminate\\Container\\{closure}()
#3 /home/u1568686/public_html/vendor/laravel/framework/src/Illuminate/Container/BoundMethod.php(93): Illuminate\\Container\\Util::unwrapIfClosure()
#4 /home/u1568686/public_html/vendor/laravel/framework/src/Illuminate/Container/BoundMethod.php(37): Illuminate\\Container\\BoundMethod::callBoundMethod()
#5 /home/u1568686/public_html/vendor/laravel/framework/src/Illuminate/Container/Container.php(661): Illuminate\\Container\\BoundMethod::call()
#6 /home/u1568686/public_html/vendor/laravel/framework/src/Illuminate/Foundation/Application.php(929): Illuminate\\Container\\Container->call()
#7 /home/u1568686/public_html/vendor/laravel/framework/src/Illuminate/Foundation/Application.php(910): Illuminate\\Foundation\\Application->bootProvider()
#8 [internal function]: Illuminate\\Foundation\\Application->Illuminate\\Foundation\\{closure}()
#9 /home/u1568686/public_html/vendor/laravel/framework/src/Illuminate/Foundation/Application.php(911): array_walk()
#10 /home/u1568686/public_html/vendor/laravel/framework/src/Illuminate/Foundation/Bootstrap/BootProviders.php(17): Illuminate\\Foundation\\Application->boot()
#11 /home/u1568686/public_html/vendor/laravel/framework/src/Illuminate/Foundation/Application.php(242): Illuminate\\Foundation\\Bootstrap\\BootProviders->bootstrap()
#12 /home/u1568686/public_html/vendor/laravel/framework/src/Illuminate/Foundation/Http/Kernel.php(176): Illuminate\\Foundation\\Application->bootstrapWith()
#13 /home/u1568686/public_html/vendor/laravel/framework/src/Illuminate/Foundation/Http/Kernel.php(160): Illuminate\\Foundation\\Http\\Kernel->bootstrap()
#14 /home/u1568686/public_html/vendor/laravel/framework/src/Illuminate/Foundation/Http/Kernel.php(134): Illuminate\\Foundation\\Http\\Kernel->sendRequestThroughRouter()
#15 /home/u1568686/public_html/public/index.php(72): Illuminate\\Foundation\\Http\\Kernel->handle()
#16 {main}
"} 
[2023-10-10 18:02:51] production.ERROR: Call to undefined function App\Providers\setting_item() {"exception":"[object] (Error(code: 0): Call to undefined function App\\Providers\\setting_item() at /home/u1568686/public_html/app/Providers/AppServiceProvider.php:203)
[stacktrace]
#0 /home/u1568686/public_html/app/Providers/AppServiceProvider.php(42): App\\Providers\\AppServiceProvider->setLang()
#1 /home/u1568686/public_html/vendor/laravel/framework/src/Illuminate/Container/BoundMethod.php(36): App\\Providers\\AppServiceProvider->boot()
#2 /home/u1568686/public_html/vendor/laravel/framework/src/Illuminate/Container/Util.php(41): Illuminate\\Container\\BoundMethod::Illuminate\\Container\\{closure}()
#3 /home/u1568686/public_html/vendor/laravel/framework/src/Illuminate/Container/BoundMethod.php(93): Illuminate\\Container\\Util::unwrapIfClosure()
#4 /home/u1568686/public_html/vendor/laravel/framework/src/Illuminate/Container/BoundMethod.php(37): Illuminate\\Container\\BoundMethod::callBoundMethod()
#5 /home/u1568686/public_html/vendor/laravel/framework/src/Illuminate/Container/Container.php(661): Illuminate\\Container\\BoundMethod::call()
#6 /home/u1568686/public_html/vendor/laravel/framework/src/Illuminate/Foundation/Application.php(929): Illuminate\\Container\\Container->call()
#7 /home/u1568686/public_html/vendor/laravel/framework/src/Illuminate/Foundation/Application.php(910): Illuminate\\Foundation\\Application->bootProvider()
#8 [internal function]: Illuminate\\Foundation\\Application->Illuminate\\Foundation\\{closure}()
#9 /home/u1568686/public_html/vendor/laravel/framework/src/Illuminate/Foundation/Application.php(911): array_walk()
#10 /home/u1568686/public_html/vendor/laravel/framework/src/Illuminate/Foundation/Bootstrap/BootProviders.php(17): Illuminate\\Foundation\\Application->boot()
#11 /home/u1568686/public_html/vendor/laravel/framework/src/Illuminate/Foundation/Application.php(242): Illuminate\\Foundation\\Bootstrap\\BootProviders->bootstrap()
#12 /home/u1568686/public_html/vendor/laravel/framework/src/Illuminate/Foundation/Http/Kernel.php(176): Illuminate\\Foundation\\Application->bootstrapWith()
#13 /home/u1568686/public_html/vendor/laravel/framework/src/Illuminate/Foundation/Http/Kernel.php(160): Illuminate\\Foundation\\Http\\Kernel->bootstrap()
#14 /home/u1568686/public_html/vendor/laravel/framework/src/Illuminate/Foundation/Http/Kernel.php(134): Illuminate\\Foundation\\Http\\Kernel->sendRequestThroughRouter()
#15 /home/u1568686/public_html/public/index.php(72): Illuminate\\Foundation\\Http\\Kernel->handle()
#16 {main}
"} 
[2023-10-10 18:04:24] production.ERROR: Call to undefined function App\Providers\setting_item() {"exception":"[object] (Error(code: 0): Call to undefined function App\\Providers\\setting_item() at /home/u1568686/public_html/app/Providers/AppServiceProvider.php:203)
[stacktrace]
#0 /home/u1568686/public_html/app/Providers/AppServiceProvider.php(42): App\\Providers\\AppServiceProvider->setLang()
#1 /home/u1568686/public_html/vendor/laravel/framework/src/Illuminate/Container/BoundMethod.php(36): App\\Providers\\AppServiceProvider->boot()
#2 /home/u1568686/public_html/vendor/laravel/framework/src/Illuminate/Container/Util.php(41): Illuminate\\Container\\BoundMethod::Illuminate\\Container\\{closure}()
#3 /home/u1568686/public_html/vendor/laravel/framework/src/Illuminate/Container/BoundMethod.php(93): Illuminate\\Container\\Util::unwrapIfClosure()
#4 /home/u1568686/public_html/vendor/laravel/framework/src/Illuminate/Container/BoundMethod.php(37): Illuminate\\Container\\BoundMethod::callBoundMethod()
#5 /home/u1568686/public_html/vendor/laravel/framework/src/Illuminate/Container/Container.php(661): Illuminate\\Container\\BoundMethod::call()
#6 /home/u1568686/public_html/vendor/laravel/framework/src/Illuminate/Foundation/Application.php(929): Illuminate\\Container\\Container->call()
#7 /home/u1568686/public_html/vendor/laravel/framework/src/Illuminate/Foundation/Application.php(910): Illuminate\\Foundation\\Application->bootProvider()
#8 [internal function]: Illuminate\\Foundation\\Application->Illuminate\\Foundation\\{closure}()
#9 /home/u1568686/public_html/vendor/laravel/framework/src/Illuminate/Foundation/Application.php(911): array_walk()
#10 /home/u1568686/public_html/vendor/laravel/framework/src/Illuminate/Foundation/Bootstrap/BootProviders.php(17): Illuminate\\Foundation\\Application->boot()
#11 /home/u1568686/public_html/vendor/laravel/framework/src/Illuminate/Foundation/Application.php(242): Illuminate\\Foundation\\Bootstrap\\BootProviders->bootstrap()
#12 /home/u1568686/public_html/vendor/laravel/framework/src/Illuminate/Foundation/Http/Kernel.php(176): Illuminate\\Foundation\\Application->bootstrapWith()
#13 /home/u1568686/public_html/vendor/laravel/framework/src/Illuminate/Foundation/Http/Kernel.php(160): Illuminate\\Foundation\\Http\\Kernel->bootstrap()
#14 /home/u1568686/public_html/vendor/laravel/framework/src/Illuminate/Foundation/Http/Kernel.php(134): Illuminate\\Foundation\\Http\\Kernel->sendRequestThroughRouter()
#15 /home/u1568686/public_html/public/index.php(72): Illuminate\\Foundation\\Http\\Kernel->handle()
#16 {main}
"} 
[2023-10-10 18:06:32] production.ERROR: Call to undefined function App\Providers\setting_item() {"exception":"[object] (Error(code: 0): Call to undefined function App\\Providers\\setting_item() at /home/u1568686/public_html/app/Providers/AppServiceProvider.php:203)
[stacktrace]
#0 /home/u1568686/public_html/app/Providers/AppServiceProvider.php(42): App\\Providers\\AppServiceProvider->setLang()
#1 /home/u1568686/public_html/vendor/laravel/framework/src/Illuminate/Container/BoundMethod.php(36): App\\Providers\\AppServiceProvider->boot()
#2 /home/u1568686/public_html/vendor/laravel/framework/src/Illuminate/Container/Util.php(41): Illuminate\\Container\\BoundMethod::Illuminate\\Container\\{closure}()
#3 /home/u1568686/public_html/vendor/laravel/framework/src/Illuminate/Container/BoundMethod.php(93): Illuminate\\Container\\Util::unwrapIfClosure()
#4 /home/u1568686/public_html/vendor/laravel/framework/src/Illuminate/Container/BoundMethod.php(37): Illuminate\\Container\\BoundMethod::callBoundMethod()
#5 /home/u1568686/public_html/vendor/laravel/framework/src/Illuminate/Container/Container.php(661): Illuminate\\Container\\BoundMethod::call()
#6 /home/u1568686/public_html/vendor/laravel/framework/src/Illuminate/Foundation/Application.php(929): Illuminate\\Container\\Container->call()
#7 /home/u1568686/public_html/vendor/laravel/framework/src/Illuminate/Foundation/Application.php(910): Illuminate\\Foundation\\Application->bootProvider()
#8 [internal function]: Illuminate\\Foundation\\Application->Illuminate\\Foundation\\{closure}()
#9 /home/u1568686/public_html/vendor/laravel/framework/src/Illuminate/Foundation/Application.php(911): array_walk()
#10 /home/u1568686/public_html/vendor/laravel/framework/src/Illuminate/Foundation/Bootstrap/BootProviders.php(17): Illuminate\\Foundation\\Application->boot()
#11 /home/u1568686/public_html/vendor/laravel/framework/src/Illuminate/Foundation/Application.php(242): Illuminate\\Foundation\\Bootstrap\\BootProviders->bootstrap()
#12 /home/u1568686/public_html/vendor/laravel/framework/src/Illuminate/Foundation/Http/Kernel.php(176): Illuminate\\Foundation\\Application->bootstrapWith()
#13 /home/u1568686/public_html/vendor/laravel/framework/src/Illuminate/Foundation/Http/Kernel.php(160): Illuminate\\Foundation\\Http\\Kernel->bootstrap()
#14 /home/u1568686/public_html/vendor/laravel/framework/src/Illuminate/Foundation/Http/Kernel.php(134): Illuminate\\Foundation\\Http\\Kernel->sendRequestThroughRouter()
#15 /home/u1568686/public_html/public/index.php(72): Illuminate\\Foundation\\Http\\Kernel->handle()
#16 {main}
"} 
[2023-10-10 18:09:12] production.ERROR: Call to undefined function App\Providers\setting_item() {"exception":"[object] (Error(code: 0): Call to undefined function App\\Providers\\setting_item() at /home/u1568686/public_html/app/Providers/AppServiceProvider.php:203)
[stacktrace]
#0 /home/u1568686/public_html/app/Providers/AppServiceProvider.php(42): App\\Providers\\AppServiceProvider->setLang()
#1 /home/u1568686/public_html/vendor/laravel/framework/src/Illuminate/Container/BoundMethod.php(36): App\\Providers\\AppServiceProvider->boot()
#2 /home/u1568686/public_html/vendor/laravel/framework/src/Illuminate/Container/Util.php(41): Illuminate\\Container\\BoundMethod::Illuminate\\Container\\{closure}()
#3 /home/u1568686/public_html/vendor/laravel/framework/src/Illuminate/Container/BoundMethod.php(93): Illuminate\\Container\\Util::unwrapIfClosure()
#4 /home/u1568686/public_html/vendor/laravel/framework/src/Illuminate/Container/BoundMethod.php(37): Illuminate\\Container\\BoundMethod::callBoundMethod()
#5 /home/u1568686/public_html/vendor/laravel/framework/src/Illuminate/Container/Container.php(661): Illuminate\\Container\\BoundMethod::call()
#6 /home/u1568686/public_html/vendor/laravel/framework/src/Illuminate/Foundation/Application.php(929): Illuminate\\Container\\Container->call()
#7 /home/u1568686/public_html/vendor/laravel/framework/src/Illuminate/Foundation/Application.php(910): Illuminate\\Foundation\\Application->bootProvider()
#8 [internal function]: Illuminate\\Foundation\\Application->Illuminate\\Foundation\\{closure}()
#9 /home/u1568686/public_html/vendor/laravel/framework/src/Illuminate/Foundation/Application.php(911): array_walk()
#10 /home/u1568686/public_html/vendor/laravel/framework/src/Illuminate/Foundation/Bootstrap/BootProviders.php(17): Illuminate\\Foundation\\Application->boot()
#11 /home/u1568686/public_html/vendor/laravel/framework/src/Illuminate/Foundation/Application.php(242): Illuminate\\Foundation\\Bootstrap\\BootProviders->bootstrap()
#12 /home/u1568686/public_html/vendor/laravel/framework/src/Illuminate/Foundation/Http/Kernel.php(176): Illuminate\\Foundation\\Application->bootstrapWith()
#13 /home/u1568686/public_html/vendor/laravel/framework/src/Illuminate/Foundation/Http/Kernel.php(160): Illuminate\\Foundation\\Http\\Kernel->bootstrap()
#14 /home/u1568686/public_html/vendor/laravel/framework/src/Illuminate/Foundation/Http/Kernel.php(134): Illuminate\\Foundation\\Http\\Kernel->sendRequestThroughRouter()
#15 /home/u1568686/public_html/public/index.php(72): Illuminate\\Foundation\\Http\\Kernel->handle()
#16 {main}
"} 
[2023-10-10 18:11:52] production.ERROR: Call to undefined function App\Providers\setting_item() {"exception":"[object] (Error(code: 0): Call to undefined function App\\Providers\\setting_item() at /home/u1568686/public_html/app/Providers/AppServiceProvider.php:203)
[stacktrace]
#0 /home/u1568686/public_html/app/Providers/AppServiceProvider.php(42): App\\Providers\\AppServiceProvider->setLang()
#1 /home/u1568686/public_html/vendor/laravel/framework/src/Illuminate/Container/BoundMethod.php(36): App\\Providers\\AppServiceProvider->boot()
#2 /home/u1568686/public_html/vendor/laravel/framework/src/Illuminate/Container/Util.php(41): Illuminate\\Container\\BoundMethod::Illuminate\\Container\\{closure}()
#3 /home/u1568686/public_html/vendor/laravel/framework/src/Illuminate/Container/BoundMethod.php(93): Illuminate\\Container\\Util::unwrapIfClosure()
#4 /home/u1568686/public_html/vendor/laravel/framework/src/Illuminate/Container/BoundMethod.php(37): Illuminate\\Container\\BoundMethod::callBoundMethod()
#5 /home/u1568686/public_html/vendor/laravel/framework/src/Illuminate/Container/Container.php(661): Illuminate\\Container\\BoundMethod::call()
#6 /home/u1568686/public_html/vendor/laravel/framework/src/Illuminate/Foundation/Application.php(929): Illuminate\\Container\\Container->call()
#7 /home/u1568686/public_html/vendor/laravel/framework/src/Illuminate/Foundation/Application.php(910): Illuminate\\Foundation\\Application->bootProvider()
#8 [internal function]: Illuminate\\Foundation\\Application->Illuminate\\Foundation\\{closure}()
#9 /home/u1568686/public_html/vendor/laravel/framework/src/Illuminate/Foundation/Application.php(911): array_walk()
#10 /home/u1568686/public_html/vendor/laravel/framework/src/Illuminate/Foundation/Bootstrap/BootProviders.php(17): Illuminate\\Foundation\\Application->boot()
#11 /home/u1568686/public_html/vendor/laravel/framework/src/Illuminate/Foundation/Application.php(242): Illuminate\\Foundation\\Bootstrap\\BootProviders->bootstrap()
#12 /home/u1568686/public_html/vendor/laravel/framework/src/Illuminate/Foundation/Http/Kernel.php(176): Illuminate\\Foundation\\Application->bootstrapWith()
#13 /home/u1568686/public_html/vendor/laravel/framework/src/Illuminate/Foundation/Http/Kernel.php(160): Illuminate\\Foundation\\Http\\Kernel->bootstrap()
#14 /home/u1568686/public_html/vendor/laravel/framework/src/Illuminate/Foundation/Http/Kernel.php(134): Illuminate\\Foundation\\Http\\Kernel->sendRequestThroughRouter()
#15 /home/u1568686/public_html/public/index.php(72): Illuminate\\Foundation\\Http\\Kernel->handle()
#16 {main}
"} 
[2023-10-10 18:12:15] production.ERROR: Call to undefined function App\Providers\setting_item() {"exception":"[object] (Error(code: 0): Call to undefined function App\\Providers\\setting_item() at /home/u1568686/public_html/app/Providers/AppServiceProvider.php:203)
[stacktrace]
#0 /home/u1568686/public_html/app/Providers/AppServiceProvider.php(42): App\\Providers\\AppServiceProvider->setLang()
#1 /home/u1568686/public_html/vendor/laravel/framework/src/Illuminate/Container/BoundMethod.php(36): App\\Providers\\AppServiceProvider->boot()
#2 /home/u1568686/public_html/vendor/laravel/framework/src/Illuminate/Container/Util.php(41): Illuminate\\Container\\BoundMethod::Illuminate\\Container\\{closure}()
#3 /home/u1568686/public_html/vendor/laravel/framework/src/Illuminate/Container/BoundMethod.php(93): Illuminate\\Container\\Util::unwrapIfClosure()
#4 /home/u1568686/public_html/vendor/laravel/framework/src/Illuminate/Container/BoundMethod.php(37): Illuminate\\Container\\BoundMethod::callBoundMethod()
#5 /home/u1568686/public_html/vendor/laravel/framework/src/Illuminate/Container/Container.php(661): Illuminate\\Container\\BoundMethod::call()
#6 /home/u1568686/public_html/vendor/laravel/framework/src/Illuminate/Foundation/Application.php(929): Illuminate\\Container\\Container->call()
#7 /home/u1568686/public_html/vendor/laravel/framework/src/Illuminate/Foundation/Application.php(910): Illuminate\\Foundation\\Application->bootProvider()
#8 [internal function]: Illuminate\\Foundation\\Application->Illuminate\\Foundation\\{closure}()
#9 /home/u1568686/public_html/vendor/laravel/framework/src/Illuminate/Foundation/Application.php(911): array_walk()
#10 /home/u1568686/public_html/vendor/laravel/framework/src/Illuminate/Foundation/Bootstrap/BootProviders.php(17): Illuminate\\Foundation\\Application->boot()
#11 /home/u1568686/public_html/vendor/laravel/framework/src/Illuminate/Foundation/Application.php(242): Illuminate\\Foundation\\Bootstrap\\BootProviders->bootstrap()
#12 /home/u1568686/public_html/vendor/laravel/framework/src/Illuminate/Foundation/Http/Kernel.php(176): Illuminate\\Foundation\\Application->bootstrapWith()
#13 /home/u1568686/public_html/vendor/laravel/framework/src/Illuminate/Foundation/Http/Kernel.php(160): Illuminate\\Foundation\\Http\\Kernel->bootstrap()
#14 /home/u1568686/public_html/vendor/laravel/framework/src/Illuminate/Foundation/Http/Kernel.php(134): Illuminate\\Foundation\\Http\\Kernel->sendRequestThroughRouter()
#15 /home/u1568686/public_html/public/index.php(72): Illuminate\\Foundation\\Http\\Kernel->handle()
#16 {main}
"} 
[2023-10-10 18:12:20] production.ERROR: Call to undefined function App\Providers\setting_item() {"exception":"[object] (Error(code: 0): Call to undefined function App\\Providers\\setting_item() at /home/u1568686/public_html/app/Providers/AppServiceProvider.php:203)
[stacktrace]
#0 /home/u1568686/public_html/app/Providers/AppServiceProvider.php(42): App\\Providers\\AppServiceProvider->setLang()
#1 /home/u1568686/public_html/vendor/laravel/framework/src/Illuminate/Container/BoundMethod.php(36): App\\Providers\\AppServiceProvider->boot()
#2 /home/u1568686/public_html/vendor/laravel/framework/src/Illuminate/Container/Util.php(41): Illuminate\\Container\\BoundMethod::Illuminate\\Container\\{closure}()
#3 /home/u1568686/public_html/vendor/laravel/framework/src/Illuminate/Container/BoundMethod.php(93): Illuminate\\Container\\Util::unwrapIfClosure()
#4 /home/u1568686/public_html/vendor/laravel/framework/src/Illuminate/Container/BoundMethod.php(37): Illuminate\\Container\\BoundMethod::callBoundMethod()
#5 /home/u1568686/public_html/vendor/laravel/framework/src/Illuminate/Container/Container.php(661): Illuminate\\Container\\BoundMethod::call()
#6 /home/u1568686/public_html/vendor/laravel/framework/src/Illuminate/Foundation/Application.php(929): Illuminate\\Container\\Container->call()
#7 /home/u1568686/public_html/vendor/laravel/framework/src/Illuminate/Foundation/Application.php(910): Illuminate\\Foundation\\Application->bootProvider()
#8 [internal function]: Illuminate\\Foundation\\Application->Illuminate\\Foundation\\{closure}()
#9 /home/u1568686/public_html/vendor/laravel/framework/src/Illuminate/Foundation/Application.php(911): array_walk()
#10 /home/u1568686/public_html/vendor/laravel/framework/src/Illuminate/Foundation/Bootstrap/BootProviders.php(17): Illuminate\\Foundation\\Application->boot()
#11 /home/u1568686/public_html/vendor/laravel/framework/src/Illuminate/Foundation/Application.php(242): Illuminate\\Foundation\\Bootstrap\\BootProviders->bootstrap()
#12 /home/u1568686/public_html/vendor/laravel/framework/src/Illuminate/Foundation/Http/Kernel.php(176): Illuminate\\Foundation\\Application->bootstrapWith()
#13 /home/u1568686/public_html/vendor/laravel/framework/src/Illuminate/Foundation/Http/Kernel.php(160): Illuminate\\Foundation\\Http\\Kernel->bootstrap()
#14 /home/u1568686/public_html/vendor/laravel/framework/src/Illuminate/Foundation/Http/Kernel.php(134): Illuminate\\Foundation\\Http\\Kernel->sendRequestThroughRouter()
#15 /home/u1568686/public_html/public/index.php(72): Illuminate\\Foundation\\Http\\Kernel->handle()
#16 {main}
"} 
[2023-10-10 18:13:19] production.ERROR: Call to undefined function App\Providers\setting_item() {"exception":"[object] (Error(code: 0): Call to undefined function App\\Providers\\setting_item() at /home/u1568686/public_html/app/Providers/AppServiceProvider.php:203)
[stacktrace]
#0 /home/u1568686/public_html/app/Providers/AppServiceProvider.php(42): App\\Providers\\AppServiceProvider->setLang()
#1 /home/u1568686/public_html/vendor/laravel/framework/src/Illuminate/Container/BoundMethod.php(36): App\\Providers\\AppServiceProvider->boot()
#2 /home/u1568686/public_html/vendor/laravel/framework/src/Illuminate/Container/Util.php(41): Illuminate\\Container\\BoundMethod::Illuminate\\Container\\{closure}()
#3 /home/u1568686/public_html/vendor/laravel/framework/src/Illuminate/Container/BoundMethod.php(93): Illuminate\\Container\\Util::unwrapIfClosure()
#4 /home/u1568686/public_html/vendor/laravel/framework/src/Illuminate/Container/BoundMethod.php(37): Illuminate\\Container\\BoundMethod::callBoundMethod()
#5 /home/u1568686/public_html/vendor/laravel/framework/src/Illuminate/Container/Container.php(661): Illuminate\\Container\\BoundMethod::call()
#6 /home/u1568686/public_html/vendor/laravel/framework/src/Illuminate/Foundation/Application.php(929): Illuminate\\Container\\Container->call()
#7 /home/u1568686/public_html/vendor/laravel/framework/src/Illuminate/Foundation/Application.php(910): Illuminate\\Foundation\\Application->bootProvider()
#8 [internal function]: Illuminate\\Foundation\\Application->Illuminate\\Foundation\\{closure}()
#9 /home/u1568686/public_html/vendor/laravel/framework/src/Illuminate/Foundation/Application.php(911): array_walk()
#10 /home/u1568686/public_html/vendor/laravel/framework/src/Illuminate/Foundation/Bootstrap/BootProviders.php(17): Illuminate\\Foundation\\Application->boot()
#11 /home/u1568686/public_html/vendor/laravel/framework/src/Illuminate/Foundation/Application.php(242): Illuminate\\Foundation\\Bootstrap\\BootProviders->bootstrap()
#12 /home/u1568686/public_html/vendor/laravel/framework/src/Illuminate/Foundation/Http/Kernel.php(176): Illuminate\\Foundation\\Application->bootstrapWith()
#13 /home/u1568686/public_html/vendor/laravel/framework/src/Illuminate/Foundation/Http/Kernel.php(160): Illuminate\\Foundation\\Http\\Kernel->bootstrap()
#14 /home/u1568686/public_html/vendor/laravel/framework/src/Illuminate/Foundation/Http/Kernel.php(134): Illuminate\\Foundation\\Http\\Kernel->sendRequestThroughRouter()
#15 /home/u1568686/public_html/public/index.php(72): Illuminate\\Foundation\\Http\\Kernel->handle()
#16 {main}
"} 
[2023-10-10 18:15:13] production.ERROR: Call to undefined function App\Providers\setting_item() {"exception":"[object] (Error(code: 0): Call to undefined function App\\Providers\\setting_item() at /home/u1568686/public_html/app/Providers/AppServiceProvider.php:203)
[stacktrace]
#0 /home/u1568686/public_html/app/Providers/AppServiceProvider.php(42): App\\Providers\\AppServiceProvider->setLang()
#1 /home/u1568686/public_html/vendor/laravel/framework/src/Illuminate/Container/BoundMethod.php(36): App\\Providers\\AppServiceProvider->boot()
#2 /home/u1568686/public_html/vendor/laravel/framework/src/Illuminate/Container/Util.php(41): Illuminate\\Container\\BoundMethod::Illuminate\\Container\\{closure}()
#3 /home/u1568686/public_html/vendor/laravel/framework/src/Illuminate/Container/BoundMethod.php(93): Illuminate\\Container\\Util::unwrapIfClosure()
#4 /home/u1568686/public_html/vendor/laravel/framework/src/Illuminate/Container/BoundMethod.php(37): Illuminate\\Container\\BoundMethod::callBoundMethod()
#5 /home/u1568686/public_html/vendor/laravel/framework/src/Illuminate/Container/Container.php(661): Illuminate\\Container\\BoundMethod::call()
#6 /home/u1568686/public_html/vendor/laravel/framework/src/Illuminate/Foundation/Application.php(929): Illuminate\\Container\\Container->call()
#7 /home/u1568686/public_html/vendor/laravel/framework/src/Illuminate/Foundation/Application.php(910): Illuminate\\Foundation\\Application->bootProvider()
#8 [internal function]: Illuminate\\Foundation\\Application->Illuminate\\Foundation\\{closure}()
#9 /home/u1568686/public_html/vendor/laravel/framework/src/Illuminate/Foundation/Application.php(911): array_walk()
#10 /home/u1568686/public_html/vendor/laravel/framework/src/Illuminate/Foundation/Bootstrap/BootProviders.php(17): Illuminate\\Foundation\\Application->boot()
#11 /home/u1568686/public_html/vendor/laravel/framework/src/Illuminate/Foundation/Application.php(242): Illuminate\\Foundation\\Bootstrap\\BootProviders->bootstrap()
#12 /home/u1568686/public_html/vendor/laravel/framework/src/Illuminate/Foundation/Http/Kernel.php(176): Illuminate\\Foundation\\Application->bootstrapWith()
#13 /home/u1568686/public_html/vendor/laravel/framework/src/Illuminate/Foundation/Http/Kernel.php(160): Illuminate\\Foundation\\Http\\Kernel->bootstrap()
#14 /home/u1568686/public_html/vendor/laravel/framework/src/Illuminate/Foundation/Http/Kernel.php(134): Illuminate\\Foundation\\Http\\Kernel->sendRequestThroughRouter()
#15 /home/u1568686/public_html/public/index.php(72): Illuminate\\Foundation\\Http\\Kernel->handle()
#16 {main}
"} 
[2023-10-10 18:15:46] production.ERROR: Call to undefined function App\Providers\setting_item() {"exception":"[object] (Error(code: 0): Call to undefined function App\\Providers\\setting_item() at /home/u1568686/public_html/app/Providers/AppServiceProvider.php:203)
[stacktrace]
#0 /home/u1568686/public_html/app/Providers/AppServiceProvider.php(42): App\\Providers\\AppServiceProvider->setLang()
#1 /home/u1568686/public_html/vendor/laravel/framework/src/Illuminate/Container/BoundMethod.php(36): App\\Providers\\AppServiceProvider->boot()
#2 /home/u1568686/public_html/vendor/laravel/framework/src/Illuminate/Container/Util.php(41): Illuminate\\Container\\BoundMethod::Illuminate\\Container\\{closure}()
#3 /home/u1568686/public_html/vendor/laravel/framework/src/Illuminate/Container/BoundMethod.php(93): Illuminate\\Container\\Util::unwrapIfClosure()
#4 /home/u1568686/public_html/vendor/laravel/framework/src/Illuminate/Container/BoundMethod.php(37): Illuminate\\Container\\BoundMethod::callBoundMethod()
#5 /home/u1568686/public_html/vendor/laravel/framework/src/Illuminate/Container/Container.php(661): Illuminate\\Container\\BoundMethod::call()
#6 /home/u1568686/public_html/vendor/laravel/framework/src/Illuminate/Foundation/Application.php(929): Illuminate\\Container\\Container->call()
#7 /home/u1568686/public_html/vendor/laravel/framework/src/Illuminate/Foundation/Application.php(910): Illuminate\\Foundation\\Application->bootProvider()
#8 [internal function]: Illuminate\\Foundation\\Application->Illuminate\\Foundation\\{closure}()
#9 /home/u1568686/public_html/vendor/laravel/framework/src/Illuminate/Foundation/Application.php(911): array_walk()
#10 /home/u1568686/public_html/vendor/laravel/framework/src/Illuminate/Foundation/Bootstrap/BootProviders.php(17): Illuminate\\Foundation\\Application->boot()
#11 /home/u1568686/public_html/vendor/laravel/framework/src/Illuminate/Foundation/Application.php(242): Illuminate\\Foundation\\Bootstrap\\BootProviders->bootstrap()
#12 /home/u1568686/public_html/vendor/laravel/framework/src/Illuminate/Foundation/Http/Kernel.php(176): Illuminate\\Foundation\\Application->bootstrapWith()
#13 /home/u1568686/public_html/vendor/laravel/framework/src/Illuminate/Foundation/Http/Kernel.php(160): Illuminate\\Foundation\\Http\\Kernel->bootstrap()
#14 /home/u1568686/public_html/vendor/laravel/framework/src/Illuminate/Foundation/Http/Kernel.php(134): Illuminate\\Foundation\\Http\\Kernel->sendRequestThroughRouter()
#15 /home/u1568686/public_html/public/index.php(72): Illuminate\\Foundation\\Http\\Kernel->handle()
#16 {main}
"} 
[2023-10-10 18:15:48] production.ERROR: Call to undefined function App\Providers\setting_item() {"exception":"[object] (Error(code: 0): Call to undefined function App\\Providers\\setting_item() at /home/u1568686/public_html/app/Providers/AppServiceProvider.php:203)
[stacktrace]
#0 /home/u1568686/public_html/app/Providers/AppServiceProvider.php(42): App\\Providers\\AppServiceProvider->setLang()
#1 /home/u1568686/public_html/vendor/laravel/framework/src/Illuminate/Container/BoundMethod.php(36): App\\Providers\\AppServiceProvider->boot()
#2 /home/u1568686/public_html/vendor/laravel/framework/src/Illuminate/Container/Util.php(41): Illuminate\\Container\\BoundMethod::Illuminate\\Container\\{closure}()
#3 /home/u1568686/public_html/vendor/laravel/framework/src/Illuminate/Container/BoundMethod.php(93): Illuminate\\Container\\Util::unwrapIfClosure()
#4 /home/u1568686/public_html/vendor/laravel/framework/src/Illuminate/Container/BoundMethod.php(37): Illuminate\\Container\\BoundMethod::callBoundMethod()
#5 /home/u1568686/public_html/vendor/laravel/framework/src/Illuminate/Container/Container.php(661): Illuminate\\Container\\BoundMethod::call()
#6 /home/u1568686/public_html/vendor/laravel/framework/src/Illuminate/Foundation/Application.php(929): Illuminate\\Container\\Container->call()
#7 /home/u1568686/public_html/vendor/laravel/framework/src/Illuminate/Foundation/Application.php(910): Illuminate\\Foundation\\Application->bootProvider()
#8 [internal function]: Illuminate\\Foundation\\Application->Illuminate\\Foundation\\{closure}()
#9 /home/u1568686/public_html/vendor/laravel/framework/src/Illuminate/Foundation/Application.php(911): array_walk()
#10 /home/u1568686/public_html/vendor/laravel/framework/src/Illuminate/Foundation/Bootstrap/BootProviders.php(17): Illuminate\\Foundation\\Application->boot()
#11 /home/u1568686/public_html/vendor/laravel/framework/src/Illuminate/Foundation/Application.php(242): Illuminate\\Foundation\\Bootstrap\\BootProviders->bootstrap()
#12 /home/u1568686/public_html/vendor/laravel/framework/src/Illuminate/Foundation/Http/Kernel.php(176): Illuminate\\Foundation\\Application->bootstrapWith()
#13 /home/u1568686/public_html/vendor/laravel/framework/src/Illuminate/Foundation/Http/Kernel.php(160): Illuminate\\Foundation\\Http\\Kernel->bootstrap()
#14 /home/u1568686/public_html/vendor/laravel/framework/src/Illuminate/Foundation/Http/Kernel.php(134): Illuminate\\Foundation\\Http\\Kernel->sendRequestThroughRouter()
#15 /home/u1568686/public_html/public/index.php(72): Illuminate\\Foundation\\Http\\Kernel->handle()
#16 {main}
"} 
[2023-10-10 18:16:03] production.ERROR: Call to undefined function App\Providers\setting_item() {"exception":"[object] (Error(code: 0): Call to undefined function App\\Providers\\setting_item() at /home/u1568686/public_html/app/Providers/AppServiceProvider.php:203)
[stacktrace]
#0 /home/u1568686/public_html/app/Providers/AppServiceProvider.php(42): App\\Providers\\AppServiceProvider->setLang()
#1 /home/u1568686/public_html/vendor/laravel/framework/src/Illuminate/Container/BoundMethod.php(36): App\\Providers\\AppServiceProvider->boot()
#2 /home/u1568686/public_html/vendor/laravel/framework/src/Illuminate/Container/Util.php(41): Illuminate\\Container\\BoundMethod::Illuminate\\Container\\{closure}()
#3 /home/u1568686/public_html/vendor/laravel/framework/src/Illuminate/Container/BoundMethod.php(93): Illuminate\\Container\\Util::unwrapIfClosure()
#4 /home/u1568686/public_html/vendor/laravel/framework/src/Illuminate/Container/BoundMethod.php(37): Illuminate\\Container\\BoundMethod::callBoundMethod()
#5 /home/u1568686/public_html/vendor/laravel/framework/src/Illuminate/Container/Container.php(661): Illuminate\\Container\\BoundMethod::call()
#6 /home/u1568686/public_html/vendor/laravel/framework/src/Illuminate/Foundation/Application.php(929): Illuminate\\Container\\Container->call()
#7 /home/u1568686/public_html/vendor/laravel/framework/src/Illuminate/Foundation/Application.php(910): Illuminate\\Foundation\\Application->bootProvider()
#8 [internal function]: Illuminate\\Foundation\\Application->Illuminate\\Foundation\\{closure}()
#9 /home/u1568686/public_html/vendor/laravel/framework/src/Illuminate/Foundation/Application.php(911): array_walk()
#10 /home/u1568686/public_html/vendor/laravel/framework/src/Illuminate/Foundation/Bootstrap/BootProviders.php(17): Illuminate\\Foundation\\Application->boot()
#11 /home/u1568686/public_html/vendor/laravel/framework/src/Illuminate/Foundation/Application.php(242): Illuminate\\Foundation\\Bootstrap\\BootProviders->bootstrap()
#12 /home/u1568686/public_html/vendor/laravel/framework/src/Illuminate/Foundation/Http/Kernel.php(176): Illuminate\\Foundation\\Application->bootstrapWith()
#13 /home/u1568686/public_html/vendor/laravel/framework/src/Illuminate/Foundation/Http/Kernel.php(160): Illuminate\\Foundation\\Http\\Kernel->bootstrap()
#14 /home/u1568686/public_html/vendor/laravel/framework/src/Illuminate/Foundation/Http/Kernel.php(134): Illuminate\\Foundation\\Http\\Kernel->sendRequestThroughRouter()
#15 /home/u1568686/public_html/public/index.php(72): Illuminate\\Foundation\\Http\\Kernel->handle()
#16 {main}
"} 
[2023-10-10 18:16:11] production.ERROR: Call to undefined function App\Providers\setting_item() {"exception":"[object] (Error(code: 0): Call to undefined function App\\Providers\\setting_item() at /home/u1568686/public_html/app/Providers/AppServiceProvider.php:203)
[stacktrace]
#0 /home/u1568686/public_html/app/Providers/AppServiceProvider.php(42): App\\Providers\\AppServiceProvider->setLang()
#1 /home/u1568686/public_html/vendor/laravel/framework/src/Illuminate/Container/BoundMethod.php(36): App\\Providers\\AppServiceProvider->boot()
#2 /home/u1568686/public_html/vendor/laravel/framework/src/Illuminate/Container/Util.php(41): Illuminate\\Container\\BoundMethod::Illuminate\\Container\\{closure}()
#3 /home/u1568686/public_html/vendor/laravel/framework/src/Illuminate/Container/BoundMethod.php(93): Illuminate\\Container\\Util::unwrapIfClosure()
#4 /home/u1568686/public_html/vendor/laravel/framework/src/Illuminate/Container/BoundMethod.php(37): Illuminate\\Container\\BoundMethod::callBoundMethod()
#5 /home/u1568686/public_html/vendor/laravel/framework/src/Illuminate/Container/Container.php(661): Illuminate\\Container\\BoundMethod::call()
#6 /home/u1568686/public_html/vendor/laravel/framework/src/Illuminate/Foundation/Application.php(929): Illuminate\\Container\\Container->call()
#7 /home/u1568686/public_html/vendor/laravel/framework/src/Illuminate/Foundation/Application.php(910): Illuminate\\Foundation\\Application->bootProvider()
#8 [internal function]: Illuminate\\Foundation\\Application->Illuminate\\Foundation\\{closure}()
#9 /home/u1568686/public_html/vendor/laravel/framework/src/Illuminate/Foundation/Application.php(911): array_walk()
#10 /home/u1568686/public_html/vendor/laravel/framework/src/Illuminate/Foundation/Bootstrap/BootProviders.php(17): Illuminate\\Foundation\\Application->boot()
#11 /home/u1568686/public_html/vendor/laravel/framework/src/Illuminate/Foundation/Application.php(242): Illuminate\\Foundation\\Bootstrap\\BootProviders->bootstrap()
#12 /home/u1568686/public_html/vendor/laravel/framework/src/Illuminate/Foundation/Http/Kernel.php(176): Illuminate\\Foundation\\Application->bootstrapWith()
#13 /home/u1568686/public_html/vendor/laravel/framework/src/Illuminate/Foundation/Http/Kernel.php(160): Illuminate\\Foundation\\Http\\Kernel->bootstrap()
#14 /home/u1568686/public_html/vendor/laravel/framework/src/Illuminate/Foundation/Http/Kernel.php(134): Illuminate\\Foundation\\Http\\Kernel->sendRequestThroughRouter()
#15 /home/u1568686/public_html/public/index.php(72): Illuminate\\Foundation\\Http\\Kernel->handle()
#16 {main}
"} 
[2023-10-10 18:16:12] production.ERROR: Call to undefined function App\Providers\setting_item() {"exception":"[object] (Error(code: 0): Call to undefined function App\\Providers\\setting_item() at /home/u1568686/public_html/app/Providers/AppServiceProvider.php:203)
[stacktrace]
#0 /home/u1568686/public_html/app/Providers/AppServiceProvider.php(42): App\\Providers\\AppServiceProvider->setLang()
#1 /home/u1568686/public_html/vendor/laravel/framework/src/Illuminate/Container/BoundMethod.php(36): App\\Providers\\AppServiceProvider->boot()
#2 /home/u1568686/public_html/vendor/laravel/framework/src/Illuminate/Container/Util.php(41): Illuminate\\Container\\BoundMethod::Illuminate\\Container\\{closure}()
#3 /home/u1568686/public_html/vendor/laravel/framework/src/Illuminate/Container/BoundMethod.php(93): Illuminate\\Container\\Util::unwrapIfClosure()
#4 /home/u1568686/public_html/vendor/laravel/framework/src/Illuminate/Container/BoundMethod.php(37): Illuminate\\Container\\BoundMethod::callBoundMethod()
#5 /home/u1568686/public_html/vendor/laravel/framework/src/Illuminate/Container/Container.php(661): Illuminate\\Container\\BoundMethod::call()
#6 /home/u1568686/public_html/vendor/laravel/framework/src/Illuminate/Foundation/Application.php(929): Illuminate\\Container\\Container->call()
#7 /home/u1568686/public_html/vendor/laravel/framework/src/Illuminate/Foundation/Application.php(910): Illuminate\\Foundation\\Application->bootProvider()
#8 [internal function]: Illuminate\\Foundation\\Application->Illuminate\\Foundation\\{closure}()
#9 /home/u1568686/public_html/vendor/laravel/framework/src/Illuminate/Foundation/Application.php(911): array_walk()
#10 /home/u1568686/public_html/vendor/laravel/framework/src/Illuminate/Foundation/Bootstrap/BootProviders.php(17): Illuminate\\Foundation\\Application->boot()
#11 /home/u1568686/public_html/vendor/laravel/framework/src/Illuminate/Foundation/Application.php(242): Illuminate\\Foundation\\Bootstrap\\BootProviders->bootstrap()
#12 /home/u1568686/public_html/vendor/laravel/framework/src/Illuminate/Foundation/Http/Kernel.php(176): Illuminate\\Foundation\\Application->bootstrapWith()
#13 /home/u1568686/public_html/vendor/laravel/framework/src/Illuminate/Foundation/Http/Kernel.php(160): Illuminate\\Foundation\\Http\\Kernel->bootstrap()
#14 /home/u1568686/public_html/vendor/laravel/framework/src/Illuminate/Foundation/Http/Kernel.php(134): Illuminate\\Foundation\\Http\\Kernel->sendRequestThroughRouter()
#15 /home/u1568686/public_html/public/index.php(72): Illuminate\\Foundation\\Http\\Kernel->handle()
#16 {main}
"} 
[2023-10-10 18:16:12] production.ERROR: Call to undefined function App\Providers\setting_item() {"exception":"[object] (Error(code: 0): Call to undefined function App\\Providers\\setting_item() at /home/u1568686/public_html/app/Providers/AppServiceProvider.php:203)
[stacktrace]
#0 /home/u1568686/public_html/app/Providers/AppServiceProvider.php(42): App\\Providers\\AppServiceProvider->setLang()
#1 /home/u1568686/public_html/vendor/laravel/framework/src/Illuminate/Container/BoundMethod.php(36): App\\Providers\\AppServiceProvider->boot()
#2 /home/u1568686/public_html/vendor/laravel/framework/src/Illuminate/Container/Util.php(41): Illuminate\\Container\\BoundMethod::Illuminate\\Container\\{closure}()
#3 /home/u1568686/public_html/vendor/laravel/framework/src/Illuminate/Container/BoundMethod.php(93): Illuminate\\Container\\Util::unwrapIfClosure()
#4 /home/u1568686/public_html/vendor/laravel/framework/src/Illuminate/Container/BoundMethod.php(37): Illuminate\\Container\\BoundMethod::callBoundMethod()
#5 /home/u1568686/public_html/vendor/laravel/framework/src/Illuminate/Container/Container.php(661): Illuminate\\Container\\BoundMethod::call()
#6 /home/u1568686/public_html/vendor/laravel/framework/src/Illuminate/Foundation/Application.php(929): Illuminate\\Container\\Container->call()
#7 /home/u1568686/public_html/vendor/laravel/framework/src/Illuminate/Foundation/Application.php(910): Illuminate\\Foundation\\Application->bootProvider()
#8 [internal function]: Illuminate\\Foundation\\Application->Illuminate\\Foundation\\{closure}()
#9 /home/u1568686/public_html/vendor/laravel/framework/src/Illuminate/Foundation/Application.php(911): array_walk()
#10 /home/u1568686/public_html/vendor/laravel/framework/src/Illuminate/Foundation/Bootstrap/BootProviders.php(17): Illuminate\\Foundation\\Application->boot()
#11 /home/u1568686/public_html/vendor/laravel/framework/src/Illuminate/Foundation/Application.php(242): Illuminate\\Foundation\\Bootstrap\\BootProviders->bootstrap()
#12 /home/u1568686/public_html/vendor/laravel/framework/src/Illuminate/Foundation/Http/Kernel.php(176): Illuminate\\Foundation\\Application->bootstrapWith()
#13 /home/u1568686/public_html/vendor/laravel/framework/src/Illuminate/Foundation/Http/Kernel.php(160): Illuminate\\Foundation\\Http\\Kernel->bootstrap()
#14 /home/u1568686/public_html/vendor/laravel/framework/src/Illuminate/Foundation/Http/Kernel.php(134): Illuminate\\Foundation\\Http\\Kernel->sendRequestThroughRouter()
#15 /home/u1568686/public_html/public/index.php(72): Illuminate\\Foundation\\Http\\Kernel->handle()
#16 {main}
"} 
[2023-10-10 18:19:03] production.ERROR: Call to undefined function App\Providers\setting_item() {"exception":"[object] (Error(code: 0): Call to undefined function App\\Providers\\setting_item() at /home/u1568686/public_html/app/Providers/AppServiceProvider.php:203)
[stacktrace]
#0 /home/u1568686/public_html/app/Providers/AppServiceProvider.php(42): App\\Providers\\AppServiceProvider->setLang()
#1 /home/u1568686/public_html/vendor/laravel/framework/src/Illuminate/Container/BoundMethod.php(36): App\\Providers\\AppServiceProvider->boot()
#2 /home/u1568686/public_html/vendor/laravel/framework/src/Illuminate/Container/Util.php(41): Illuminate\\Container\\BoundMethod::Illuminate\\Container\\{closure}()
#3 /home/u1568686/public_html/vendor/laravel/framework/src/Illuminate/Container/BoundMethod.php(93): Illuminate\\Container\\Util::unwrapIfClosure()
#4 /home/u1568686/public_html/vendor/laravel/framework/src/Illuminate/Container/BoundMethod.php(37): Illuminate\\Container\\BoundMethod::callBoundMethod()
#5 /home/u1568686/public_html/vendor/laravel/framework/src/Illuminate/Container/Container.php(661): Illuminate\\Container\\BoundMethod::call()
#6 /home/u1568686/public_html/vendor/laravel/framework/src/Illuminate/Foundation/Application.php(929): Illuminate\\Container\\Container->call()
#7 /home/u1568686/public_html/vendor/laravel/framework/src/Illuminate/Foundation/Application.php(910): Illuminate\\Foundation\\Application->bootProvider()
#8 [internal function]: Illuminate\\Foundation\\Application->Illuminate\\Foundation\\{closure}()
#9 /home/u1568686/public_html/vendor/laravel/framework/src/Illuminate/Foundation/Application.php(911): array_walk()
#10 /home/u1568686/public_html/vendor/laravel/framework/src/Illuminate/Foundation/Bootstrap/BootProviders.php(17): Illuminate\\Foundation\\Application->boot()
#11 /home/u1568686/public_html/vendor/laravel/framework/src/Illuminate/Foundation/Application.php(242): Illuminate\\Foundation\\Bootstrap\\BootProviders->bootstrap()
#12 /home/u1568686/public_html/vendor/laravel/framework/src/Illuminate/Foundation/Http/Kernel.php(176): Illuminate\\Foundation\\Application->bootstrapWith()
#13 /home/u1568686/public_html/vendor/laravel/framework/src/Illuminate/Foundation/Http/Kernel.php(160): Illuminate\\Foundation\\Http\\Kernel->bootstrap()
#14 /home/u1568686/public_html/vendor/laravel/framework/src/Illuminate/Foundation/Http/Kernel.php(134): Illuminate\\Foundation\\Http\\Kernel->sendRequestThroughRouter()
#15 /home/u1568686/public_html/public/index.php(72): Illuminate\\Foundation\\Http\\Kernel->handle()
#16 {main}
"} 
[2023-10-10 18:19:47] production.ERROR: Call to undefined function App\Providers\setting_item() {"exception":"[object] (Error(code: 0): Call to undefined function App\\Providers\\setting_item() at /home/u1568686/public_html/app/Providers/AppServiceProvider.php:203)
[stacktrace]
#0 /home/u1568686/public_html/app/Providers/AppServiceProvider.php(42): App\\Providers\\AppServiceProvider->setLang()
#1 /home/u1568686/public_html/vendor/laravel/framework/src/Illuminate/Container/BoundMethod.php(36): App\\Providers\\AppServiceProvider->boot()
#2 /home/u1568686/public_html/vendor/laravel/framework/src/Illuminate/Container/Util.php(41): Illuminate\\Container\\BoundMethod::Illuminate\\Container\\{closure}()
#3 /home/u1568686/public_html/vendor/laravel/framework/src/Illuminate/Container/BoundMethod.php(93): Illuminate\\Container\\Util::unwrapIfClosure()
#4 /home/u1568686/public_html/vendor/laravel/framework/src/Illuminate/Container/BoundMethod.php(37): Illuminate\\Container\\BoundMethod::callBoundMethod()
#5 /home/u1568686/public_html/vendor/laravel/framework/src/Illuminate/Container/Container.php(661): Illuminate\\Container\\BoundMethod::call()
#6 /home/u1568686/public_html/vendor/laravel/framework/src/Illuminate/Foundation/Application.php(929): Illuminate\\Container\\Container->call()
#7 /home/u1568686/public_html/vendor/laravel/framework/src/Illuminate/Foundation/Application.php(910): Illuminate\\Foundation\\Application->bootProvider()
#8 [internal function]: Illuminate\\Foundation\\Application->Illuminate\\Foundation\\{closure}()
#9 /home/u1568686/public_html/vendor/laravel/framework/src/Illuminate/Foundation/Application.php(911): array_walk()
#10 /home/u1568686/public_html/vendor/laravel/framework/src/Illuminate/Foundation/Bootstrap/BootProviders.php(17): Illuminate\\Foundation\\Application->boot()
#11 /home/u1568686/public_html/vendor/laravel/framework/src/Illuminate/Foundation/Application.php(242): Illuminate\\Foundation\\Bootstrap\\BootProviders->bootstrap()
#12 /home/u1568686/public_html/vendor/laravel/framework/src/Illuminate/Foundation/Http/Kernel.php(176): Illuminate\\Foundation\\Application->bootstrapWith()
#13 /home/u1568686/public_html/vendor/laravel/framework/src/Illuminate/Foundation/Http/Kernel.php(160): Illuminate\\Foundation\\Http\\Kernel->bootstrap()
#14 /home/u1568686/public_html/vendor/laravel/framework/src/Illuminate/Foundation/Http/Kernel.php(134): Illuminate\\Foundation\\Http\\Kernel->sendRequestThroughRouter()
#15 /home/u1568686/public_html/public/index.php(72): Illuminate\\Foundation\\Http\\Kernel->handle()
#16 {main}
"} 
